==299779== Memcheck, a memory error detector
==299779== Copyright (C) 2002-2022, and GNU GPL'd, by Julian Seward et al.
==299779== Using Valgrind-3.22.0 and LibVEX; rerun with -h for copyright info
==299779== Command: ./nethack -u testplayer
==299779== Parent PID: 281259
==299779== 
==299779== 
==299779== HEAP SUMMARY:
==299779==     in use at exit: 4,472,710 bytes in 59,374 blocks
==299779==   total heap usage: 93,770 allocs, 34,396 frees, 11,683,526 bytes allocated
==299779== 
==299779== 9 bytes in 1 blocks are possibly lost in loss record 11 of 295
==299779==    at 0x4846828: malloc (in /usr/libexec/valgrind/vgpreload_memcheck-amd64-linux.so)
==299779==    by 0x498B37E: strdup (strdup.c:42)
==299779==    by 0x48B76A5: ??? (in /usr/lib/x86_64-linux-gnu/libtinfo.so.6.4)
==299779==    by 0x48BC278: _nc_tiparm (in /usr/lib/x86_64-linux-gnu/libtinfo.so.6.4)
==299779==    by 0x4889BC3: newterm_sp (in /usr/lib/x86_64-linux-gnu/libncurses.so.6.4)
==299779==    by 0x488A4D4: newterm (in /usr/lib/x86_64-linux-gnu/libncurses.so.6.4)
==299779==    by 0x488A567: initscr (in /usr/lib/x86_64-linux-gnu/libncurses.so.6.4)
==299779==    by 0x31CC2A: curses_init_nhwindows (cursmain.c:160)
==299779==    by 0x311474: main (unixmain.c:216)
==299779== 
==299779== 9 bytes in 1 blocks are possibly lost in loss record 12 of 295
==299779==    at 0x4846828: malloc (in /usr/libexec/valgrind/vgpreload_memcheck-amd64-linux.so)
==299779==    by 0x498B37E: strdup (strdup.c:42)
==299779==    by 0x48B76A5: ??? (in /usr/lib/x86_64-linux-gnu/libtinfo.so.6.4)
==299779==    by 0x48BC278: _nc_tiparm (in /usr/lib/x86_64-linux-gnu/libtinfo.so.6.4)
==299779==    by 0x4889E46: newterm_sp (in /usr/lib/x86_64-linux-gnu/libncurses.so.6.4)
==299779==    by 0x488A4D4: newterm (in /usr/lib/x86_64-linux-gnu/libncurses.so.6.4)
==299779==    by 0x488A567: initscr (in /usr/lib/x86_64-linux-gnu/libncurses.so.6.4)
==299779==    by 0x31CC2A: curses_init_nhwindows (cursmain.c:160)
==299779==    by 0x311474: main (unixmain.c:216)
==299779== 
==299779== 24 bytes in 1 blocks are possibly lost in loss record 57 of 295
==299779==    at 0x4846828: malloc (in /usr/libexec/valgrind/vgpreload_memcheck-amd64-linux.so)
==299779==    by 0x49FF571: tsearch (tsearch.c:337)
==299779==    by 0x48B76C7: ??? (in /usr/lib/x86_64-linux-gnu/libtinfo.so.6.4)
==299779==    by 0x48BC278: _nc_tiparm (in /usr/lib/x86_64-linux-gnu/libtinfo.so.6.4)
==299779==    by 0x4889BC3: newterm_sp (in /usr/lib/x86_64-linux-gnu/libncurses.so.6.4)
==299779==    by 0x488A4D4: newterm (in /usr/lib/x86_64-linux-gnu/libncurses.so.6.4)
==299779==    by 0x488A567: initscr (in /usr/lib/x86_64-linux-gnu/libncurses.so.6.4)
==299779==    by 0x31CC2A: curses_init_nhwindows (cursmain.c:160)
==299779==    by 0x311474: main (unixmain.c:216)
==299779== 
==299779== 24 bytes in 1 blocks are possibly lost in loss record 58 of 295
==299779==    at 0x4846828: malloc (in /usr/libexec/valgrind/vgpreload_memcheck-amd64-linux.so)
==299779==    by 0x49FF571: tsearch (tsearch.c:337)
==299779==    by 0x48B76C7: ??? (in /usr/lib/x86_64-linux-gnu/libtinfo.so.6.4)
==299779==    by 0x48BC278: _nc_tiparm (in /usr/lib/x86_64-linux-gnu/libtinfo.so.6.4)
==299779==    by 0x4889E46: newterm_sp (in /usr/lib/x86_64-linux-gnu/libncurses.so.6.4)
==299779==    by 0x488A4D4: newterm (in /usr/lib/x86_64-linux-gnu/libncurses.so.6.4)
==299779==    by 0x488A567: initscr (in /usr/lib/x86_64-linux-gnu/libncurses.so.6.4)
==299779==    by 0x31CC2A: curses_init_nhwindows (cursmain.c:160)
==299779==    by 0x311474: main (unixmain.c:216)
==299779== 
==299779== 168 bytes in 1 blocks are possibly lost in loss record 126 of 295
==299779==    at 0x484D953: calloc (in /usr/libexec/valgrind/vgpreload_memcheck-amd64-linux.so)
==299779==    by 0x48B761E: ??? (in /usr/lib/x86_64-linux-gnu/libtinfo.so.6.4)
==299779==    by 0x48BC278: _nc_tiparm (in /usr/lib/x86_64-linux-gnu/libtinfo.so.6.4)
==299779==    by 0x4889BC3: newterm_sp (in /usr/lib/x86_64-linux-gnu/libncurses.so.6.4)
==299779==    by 0x488A4D4: newterm (in /usr/lib/x86_64-linux-gnu/libncurses.so.6.4)
==299779==    by 0x488A567: initscr (in /usr/lib/x86_64-linux-gnu/libncurses.so.6.4)
==299779==    by 0x31CC2A: curses_init_nhwindows (cursmain.c:160)
==299779==    by 0x311474: main (unixmain.c:216)
==299779== 
==299779== 168 bytes in 1 blocks are possibly lost in loss record 127 of 295
==299779==    at 0x484D953: calloc (in /usr/libexec/valgrind/vgpreload_memcheck-amd64-linux.so)
==299779==    by 0x48B761E: ??? (in /usr/lib/x86_64-linux-gnu/libtinfo.so.6.4)
==299779==    by 0x48BC278: _nc_tiparm (in /usr/lib/x86_64-linux-gnu/libtinfo.so.6.4)
==299779==    by 0x4889E46: newterm_sp (in /usr/lib/x86_64-linux-gnu/libncurses.so.6.4)
==299779==    by 0x488A4D4: newterm (in /usr/lib/x86_64-linux-gnu/libncurses.so.6.4)
==299779==    by 0x488A567: initscr (in /usr/lib/x86_64-linux-gnu/libncurses.so.6.4)
==299779==    by 0x31CC2A: curses_init_nhwindows (cursmain.c:160)
==299779==    by 0x311474: main (unixmain.c:216)
==299779== 
==299779== LEAK SUMMARY:
==299779==    definitely lost: 0 bytes in 0 blocks
==299779==    indirectly lost: 0 bytes in 0 blocks
==299779==      possibly lost: 402 bytes in 6 blocks
==299779==    still reachable: 4,472,308 bytes in 59,368 blocks
==299779==         suppressed: 0 bytes in 0 blocks
==299779== Reachable blocks (those to which a pointer was found) are not shown.
==299779== To see them, rerun with: --leak-check=full --show-leak-kinds=all
==299779== 
==299779== For lists of detected and suppressed errors, rerun with: -s
==299779== ERROR SUMMARY: 6 errors from 6 contexts (suppressed: 0 from 0)
