==286661== Memcheck, a memory error detector
==286661== Copyright (C) 2002-2022, and GNU GPL'd, by Julian Seward et al.
==286661== Using Valgrind-3.22.0 and LibVEX; rerun with -h for copyright info
==286661== Command: /home/neon/source/voice_Nethack_366/src/nethack -u vtest
==286661== Parent PID: 286660
==286661== 
==286661== 
==286661== Process terminating with default action of signal 15 (SIGTERM)
==286661==    at 0x49F3D40: tcsetattr (tcsetattr.c:83)
==286661==    by 0x48C0862: _nc_set_tty_mode_sp (in /usr/lib/x86_64-linux-gnu/libtinfo.so.6.4)
==286661==    by 0x48BE94B: cbreak_sp (in /usr/lib/x86_64-linux-gnu/libtinfo.so.6.4)
==286661==    by 0x488A03A: newterm_sp (in /usr/lib/x86_64-linux-gnu/libncurses.so.6.4)
==286661==    by 0x488A4D4: newterm (in /usr/lib/x86_64-linux-gnu/libncurses.so.6.4)
==286661==    by 0x488A567: initscr (in /usr/lib/x86_64-linux-gnu/libncurses.so.6.4)
==286661==    by 0x31CC9C: curses_init_nhwindows (cursmain.c:160)
==286661==    by 0x3114E6: main (unixmain.c:216)
==286661== 
==286661== HEAP SUMMARY:
==286661==     in use at exit: 4,175,263 bytes in 58,060 blocks
==286661==   total heap usage: 76,797 allocs, 18,737 frees, 9,326,767 bytes allocated
==286661== 
==286661== 9 bytes in 1 blocks are possibly lost in loss record 12 of 235
==286661==    at 0x4846828: malloc (in /usr/libexec/valgrind/vgpreload_memcheck-amd64-linux.so)
==286661==    by 0x498B37E: strdup (strdup.c:42)
==286661==    by 0x48B76A5: ??? (in /usr/lib/x86_64-linux-gnu/libtinfo.so.6.4)
==286661==    by 0x48BC278: _nc_tiparm (in /usr/lib/x86_64-linux-gnu/libtinfo.so.6.4)
==286661==    by 0x4889B53: newterm_sp (in /usr/lib/x86_64-linux-gnu/libncurses.so.6.4)
==286661==    by 0x488A4D4: newterm (in /usr/lib/x86_64-linux-gnu/libncurses.so.6.4)
==286661==    by 0x488A567: initscr (in /usr/lib/x86_64-linux-gnu/libncurses.so.6.4)
==286661==    by 0x31CC9C: curses_init_nhwindows (cursmain.c:160)
==286661==    by 0x3114E6: main (unixmain.c:216)
==286661== 
==286661== 24 bytes in 1 blocks are possibly lost in loss record 51 of 235
==286661==    at 0x4846828: malloc (in /usr/libexec/valgrind/vgpreload_memcheck-amd64-linux.so)
==286661==    by 0x49FF571: tsearch (tsearch.c:337)
==286661==    by 0x48B76C7: ??? (in /usr/lib/x86_64-linux-gnu/libtinfo.so.6.4)
==286661==    by 0x48BC278: _nc_tiparm (in /usr/lib/x86_64-linux-gnu/libtinfo.so.6.4)
==286661==    by 0x4889B53: newterm_sp (in /usr/lib/x86_64-linux-gnu/libncurses.so.6.4)
==286661==    by 0x488A4D4: newterm (in /usr/lib/x86_64-linux-gnu/libncurses.so.6.4)
==286661==    by 0x488A567: initscr (in /usr/lib/x86_64-linux-gnu/libncurses.so.6.4)
==286661==    by 0x31CC9C: curses_init_nhwindows (cursmain.c:160)
==286661==    by 0x3114E6: main (unixmain.c:216)
==286661== 
==286661== 168 bytes in 1 blocks are possibly lost in loss record 102 of 235
==286661==    at 0x484D953: calloc (in /usr/libexec/valgrind/vgpreload_memcheck-amd64-linux.so)
==286661==    by 0x48B761E: ??? (in /usr/lib/x86_64-linux-gnu/libtinfo.so.6.4)
==286661==    by 0x48BC278: _nc_tiparm (in /usr/lib/x86_64-linux-gnu/libtinfo.so.6.4)
==286661==    by 0x4889B53: newterm_sp (in /usr/lib/x86_64-linux-gnu/libncurses.so.6.4)
==286661==    by 0x488A4D4: newterm (in /usr/lib/x86_64-linux-gnu/libncurses.so.6.4)
==286661==    by 0x488A567: initscr (in /usr/lib/x86_64-linux-gnu/libncurses.so.6.4)
==286661==    by 0x31CC9C: curses_init_nhwindows (cursmain.c:160)
==286661==    by 0x3114E6: main (unixmain.c:216)
==286661== 
==286661== LEAK SUMMARY:
==286661==    definitely lost: 0 bytes in 0 blocks
==286661==    indirectly lost: 0 bytes in 0 blocks
==286661==      possibly lost: 201 bytes in 3 blocks
==286661==    still reachable: 4,175,062 bytes in 58,057 blocks
==286661==         suppressed: 0 bytes in 0 blocks
==286661== Reachable blocks (those to which a pointer was found) are not shown.
==286661== To see them, rerun with: --leak-check=full --show-leak-kinds=all
==286661== 
==286661== For lists of detected and suppressed errors, rerun with: -s
==286661== ERROR SUMMARY: 3 errors from 3 contexts (suppressed: 0 from 0)
