==139751== Memcheck, a memory error detector
==139751== Copyright (C) 2002-2022, and GNU GPL'd, by Julian Seward et al.
==139751== Using Valgrind-3.22.0 and LibVEX; rerun with -h for copyright info
==139751== Command: /home/neon/source/voice_Nethack_366/src/nethack -u vtest
==139751== Parent PID: 139750
==139751== 
==139751== 
==139751== Process terminating with default action of signal 15 (SIGTERM)
==139751==    at 0x49F3D3E: tcsetattr (tcsetattr.c:83)
==139751==    by 0x48C0862: _nc_set_tty_mode_sp (in /usr/lib/x86_64-linux-gnu/libtinfo.so.6.4)
==139751==    by 0x48BE94B: cbreak_sp (in /usr/lib/x86_64-linux-gnu/libtinfo.so.6.4)
==139751==    by 0x488A03A: newterm_sp (in /usr/lib/x86_64-linux-gnu/libncurses.so.6.4)
==139751==    by 0x488A4D4: newterm (in /usr/lib/x86_64-linux-gnu/libncurses.so.6.4)
==139751==    by 0x488A567: initscr (in /usr/lib/x86_64-linux-gnu/libncurses.so.6.4)
==139751==    by 0x31F6C7: curses_init_nhwindows (cursmain.c:160)
==139751==    by 0x313F0A: main (unixmain.c:216)
==139751== 
==139751== HEAP SUMMARY:
==139751==     in use at exit: 4,160,879 bytes in 58,060 blocks
==139751==   total heap usage: 76,800 allocs, 18,740 frees, 9,312,508 bytes allocated
==139751== 
==139751== 9 bytes in 1 blocks are possibly lost in loss record 12 of 235
==139751==    at 0x4846828: malloc (in /usr/libexec/valgrind/vgpreload_memcheck-amd64-linux.so)
==139751==    by 0x498B37E: strdup (strdup.c:42)
==139751==    by 0x48B76A5: ??? (in /usr/lib/x86_64-linux-gnu/libtinfo.so.6.4)
==139751==    by 0x48BC278: _nc_tiparm (in /usr/lib/x86_64-linux-gnu/libtinfo.so.6.4)
==139751==    by 0x4889B53: newterm_sp (in /usr/lib/x86_64-linux-gnu/libncurses.so.6.4)
==139751==    by 0x488A4D4: newterm (in /usr/lib/x86_64-linux-gnu/libncurses.so.6.4)
==139751==    by 0x488A567: initscr (in /usr/lib/x86_64-linux-gnu/libncurses.so.6.4)
==139751==    by 0x31F6C7: curses_init_nhwindows (cursmain.c:160)
==139751==    by 0x313F0A: main (unixmain.c:216)
==139751== 
==139751== 24 bytes in 1 blocks are possibly lost in loss record 51 of 235
==139751==    at 0x4846828: malloc (in /usr/libexec/valgrind/vgpreload_memcheck-amd64-linux.so)
==139751==    by 0x49FF571: tsearch (tsearch.c:337)
==139751==    by 0x48B76C7: ??? (in /usr/lib/x86_64-linux-gnu/libtinfo.so.6.4)
==139751==    by 0x48BC278: _nc_tiparm (in /usr/lib/x86_64-linux-gnu/libtinfo.so.6.4)
==139751==    by 0x4889B53: newterm_sp (in /usr/lib/x86_64-linux-gnu/libncurses.so.6.4)
==139751==    by 0x488A4D4: newterm (in /usr/lib/x86_64-linux-gnu/libncurses.so.6.4)
==139751==    by 0x488A567: initscr (in /usr/lib/x86_64-linux-gnu/libncurses.so.6.4)
==139751==    by 0x31F6C7: curses_init_nhwindows (cursmain.c:160)
==139751==    by 0x313F0A: main (unixmain.c:216)
==139751== 
==139751== 168 bytes in 1 blocks are possibly lost in loss record 102 of 235
==139751==    at 0x484D953: calloc (in /usr/libexec/valgrind/vgpreload_memcheck-amd64-linux.so)
==139751==    by 0x48B761E: ??? (in /usr/lib/x86_64-linux-gnu/libtinfo.so.6.4)
==139751==    by 0x48BC278: _nc_tiparm (in /usr/lib/x86_64-linux-gnu/libtinfo.so.6.4)
==139751==    by 0x4889B53: newterm_sp (in /usr/lib/x86_64-linux-gnu/libncurses.so.6.4)
==139751==    by 0x488A4D4: newterm (in /usr/lib/x86_64-linux-gnu/libncurses.so.6.4)
==139751==    by 0x488A567: initscr (in /usr/lib/x86_64-linux-gnu/libncurses.so.6.4)
==139751==    by 0x31F6C7: curses_init_nhwindows (cursmain.c:160)
==139751==    by 0x313F0A: main (unixmain.c:216)
==139751== 
==139751== LEAK SUMMARY:
==139751==    definitely lost: 0 bytes in 0 blocks
==139751==    indirectly lost: 0 bytes in 0 blocks
==139751==      possibly lost: 201 bytes in 3 blocks
==139751==    still reachable: 4,160,678 bytes in 58,057 blocks
==139751==         suppressed: 0 bytes in 0 blocks
==139751== Reachable blocks (those to which a pointer was found) are not shown.
==139751== To see them, rerun with: --leak-check=full --show-leak-kinds=all
==139751== 
==139751== For lists of detected and suppressed errors, rerun with: -s
==139751== ERROR SUMMARY: 3 errors from 3 contexts (suppressed: 0 from 0)
