==223342== Memcheck, a memory error detector
==223342== Copyright (C) 2002-2022, and GNU GPL'd, by Julian Seward et al.
==223342== Using Valgrind-3.22.0 and LibVEX; rerun with -h for copyright info
==223342== Command: ./src/nethack
==223342== Parent PID: 223339
==223342== 
==223342== 
==223342== HEAP SUMMARY:
==223342==     in use at exit: 243,830 bytes in 1,006 blocks
==223342==   total heap usage: 133,675 allocs, 132,669 frees, 21,429,798 bytes allocated
==223342== 
==223342== 4 bytes in 1 blocks are still reachable in loss record 1 of 122
==223342==    at 0x484D953: calloc (in /usr/libexec/valgrind/vgpreload_memcheck-amd64-linux.so)
==223342==    by 0x48892A1: newterm_sp (in /usr/lib/x86_64-linux-gnu/libncurses.so.6.4)
==223342==    by 0x488A4D4: newterm (in /usr/lib/x86_64-linux-gnu/libncurses.so.6.4)
==223342==    by 0x488A567: initscr (in /usr/lib/x86_64-linux-gnu/libncurses.so.6.4)
==223342==    by 0x320E1A: curses_init_nhwindows (cursmain.c:160)
==223342==    by 0x31565D: main (unixmain.c:216)
==223342== 
==223342== 9 bytes in 1 blocks are still reachable in loss record 2 of 122
==223342==    at 0x4846828: malloc (in /usr/libexec/valgrind/vgpreload_memcheck-amd64-linux.so)
==223342==    by 0x498B37E: strdup (strdup.c:42)
==223342==    by 0x48B76A5: ??? (in /usr/lib/x86_64-linux-gnu/libtinfo.so.6.4)
==223342==    by 0x48BC278: _nc_tiparm (in /usr/lib/x86_64-linux-gnu/libtinfo.so.6.4)
==223342==    by 0x4889BFB: newterm_sp (in /usr/lib/x86_64-linux-gnu/libncurses.so.6.4)
==223342==    by 0x488A4D4: newterm (in /usr/lib/x86_64-linux-gnu/libncurses.so.6.4)
==223342==    by 0x488A567: initscr (in /usr/lib/x86_64-linux-gnu/libncurses.so.6.4)
==223342==    by 0x320E1A: curses_init_nhwindows (cursmain.c:160)
==223342==    by 0x31565D: main (unixmain.c:216)
==223342== 
==223342== 9 bytes in 1 blocks are still reachable in loss record 3 of 122
==223342==    at 0x4846828: malloc (in /usr/libexec/valgrind/vgpreload_memcheck-amd64-linux.so)
==223342==    by 0x498B37E: strdup (strdup.c:42)
==223342==    by 0x48B76A5: ??? (in /usr/lib/x86_64-linux-gnu/libtinfo.so.6.4)
==223342==    by 0x48BC278: _nc_tiparm (in /usr/lib/x86_64-linux-gnu/libtinfo.so.6.4)
==223342==    by 0x4889DAA: newterm_sp (in /usr/lib/x86_64-linux-gnu/libncurses.so.6.4)
==223342==    by 0x488A4D4: newterm (in /usr/lib/x86_64-linux-gnu/libncurses.so.6.4)
==223342==    by 0x488A567: initscr (in /usr/lib/x86_64-linux-gnu/libncurses.so.6.4)
==223342==    by 0x320E1A: curses_init_nhwindows (cursmain.c:160)
==223342==    by 0x31565D: main (unixmain.c:216)
==223342== 
==223342== 9 bytes in 1 blocks are still reachable in loss record 4 of 122
==223342==    at 0x4846828: malloc (in /usr/libexec/valgrind/vgpreload_memcheck-amd64-linux.so)
==223342==    by 0x498B37E: strdup (strdup.c:42)
==223342==    by 0x48B76A5: ??? (in /usr/lib/x86_64-linux-gnu/libtinfo.so.6.4)
==223342==    by 0x48BC278: _nc_tiparm (in /usr/lib/x86_64-linux-gnu/libtinfo.so.6.4)
==223342==    by 0x4889DF8: newterm_sp (in /usr/lib/x86_64-linux-gnu/libncurses.so.6.4)
==223342==    by 0x488A4D4: newterm (in /usr/lib/x86_64-linux-gnu/libncurses.so.6.4)
==223342==    by 0x488A567: initscr (in /usr/lib/x86_64-linux-gnu/libncurses.so.6.4)
==223342==    by 0x320E1A: curses_init_nhwindows (cursmain.c:160)
==223342==    by 0x31565D: main (unixmain.c:216)
==223342== 
==223342== 9 bytes in 1 blocks are still reachable in loss record 5 of 122
==223342==    at 0x4846828: malloc (in /usr/libexec/valgrind/vgpreload_memcheck-amd64-linux.so)
==223342==    by 0x498B37E: strdup (strdup.c:42)
==223342==    by 0x48B76A5: ??? (in /usr/lib/x86_64-linux-gnu/libtinfo.so.6.4)
==223342==    by 0x48BC278: _nc_tiparm (in /usr/lib/x86_64-linux-gnu/libtinfo.so.6.4)
==223342==    by 0x4889E46: newterm_sp (in /usr/lib/x86_64-linux-gnu/libncurses.so.6.4)
==223342==    by 0x488A4D4: newterm (in /usr/lib/x86_64-linux-gnu/libncurses.so.6.4)
==223342==    by 0x488A567: initscr (in /usr/lib/x86_64-linux-gnu/libncurses.so.6.4)
==223342==    by 0x320E1A: curses_init_nhwindows (cursmain.c:160)
==223342==    by 0x31565D: main (unixmain.c:216)
==223342== 
==223342== 9 bytes in 1 blocks are still reachable in loss record 6 of 122
==223342==    at 0x4846828: malloc (in /usr/libexec/valgrind/vgpreload_memcheck-amd64-linux.so)
==223342==    by 0x498B37E: strdup (strdup.c:42)
==223342==    by 0x48B76A5: ??? (in /usr/lib/x86_64-linux-gnu/libtinfo.so.6.4)
==223342==    by 0x48BC278: _nc_tiparm (in /usr/lib/x86_64-linux-gnu/libtinfo.so.6.4)
==223342==    by 0x489447E: ??? (in /usr/lib/x86_64-linux-gnu/libncurses.so.6.4)
==223342==    by 0x48957A9: ??? (in /usr/lib/x86_64-linux-gnu/libncurses.so.6.4)
==223342==    by 0x489A98A: doupdate_sp (in /usr/lib/x86_64-linux-gnu/libncurses.so.6.4)
==223342==    by 0x321C39: curses_refresh_nhwin (curswins.c:297)
==223342==    by 0x32171D: curses_update_inventory (cursmain.c:618)
==223342==    by 0x1EAB01: update_inventory (invent.c:2492)
==223342==    by 0x1EC092: addinv (invent.c:1018)
==223342==    by 0x2E38F8: ini_inv (u_init.c:1120)
==223342==    by 0x2E3B8D: u_init (u_init.c:682)
==223342==    by 0x14EF4A: newgame (allmain.c:637)
==223342==    by 0x315A35: main (unixmain.c:350)
==223342== 
==223342== 9 bytes in 1 blocks are possibly lost in loss record 7 of 122
==223342==    at 0x4846828: malloc (in /usr/libexec/valgrind/vgpreload_memcheck-amd64-linux.so)
==223342==    by 0x498B37E: strdup (strdup.c:42)
==223342==    by 0x48B76A5: ??? (in /usr/lib/x86_64-linux-gnu/libtinfo.so.6.4)
==223342==    by 0x48BC278: _nc_tiparm (in /usr/lib/x86_64-linux-gnu/libtinfo.so.6.4)
==223342==    by 0x4889B53: newterm_sp (in /usr/lib/x86_64-linux-gnu/libncurses.so.6.4)
==223342==    by 0x488A4D4: newterm (in /usr/lib/x86_64-linux-gnu/libncurses.so.6.4)
==223342==    by 0x488A567: initscr (in /usr/lib/x86_64-linux-gnu/libncurses.so.6.4)
==223342==    by 0x320E1A: curses_init_nhwindows (cursmain.c:160)
==223342==    by 0x31565D: main (unixmain.c:216)
==223342== 
==223342== 9 bytes in 1 blocks are possibly lost in loss record 8 of 122
==223342==    at 0x4846828: malloc (in /usr/libexec/valgrind/vgpreload_memcheck-amd64-linux.so)
==223342==    by 0x498B37E: strdup (strdup.c:42)
==223342==    by 0x48B76A5: ??? (in /usr/lib/x86_64-linux-gnu/libtinfo.so.6.4)
==223342==    by 0x48BC278: _nc_tiparm (in /usr/lib/x86_64-linux-gnu/libtinfo.so.6.4)
==223342==    by 0x4889B8B: newterm_sp (in /usr/lib/x86_64-linux-gnu/libncurses.so.6.4)
==223342==    by 0x488A4D4: newterm (in /usr/lib/x86_64-linux-gnu/libncurses.so.6.4)
==223342==    by 0x488A567: initscr (in /usr/lib/x86_64-linux-gnu/libncurses.so.6.4)
==223342==    by 0x320E1A: curses_init_nhwindows (cursmain.c:160)
==223342==    by 0x31565D: main (unixmain.c:216)
==223342== 
==223342== 9 bytes in 1 blocks are possibly lost in loss record 9 of 122
==223342==    at 0x4846828: malloc (in /usr/libexec/valgrind/vgpreload_memcheck-amd64-linux.so)
==223342==    by 0x498B37E: strdup (strdup.c:42)
==223342==    by 0x48B76A5: ??? (in /usr/lib/x86_64-linux-gnu/libtinfo.so.6.4)
==223342==    by 0x48BC278: _nc_tiparm (in /usr/lib/x86_64-linux-gnu/libtinfo.so.6.4)
==223342==    by 0x4889BC3: newterm_sp (in /usr/lib/x86_64-linux-gnu/libncurses.so.6.4)
==223342==    by 0x488A4D4: newterm (in /usr/lib/x86_64-linux-gnu/libncurses.so.6.4)
==223342==    by 0x488A567: initscr (in /usr/lib/x86_64-linux-gnu/libncurses.so.6.4)
==223342==    by 0x320E1A: curses_init_nhwindows (cursmain.c:160)
==223342==    by 0x31565D: main (unixmain.c:216)
==223342== 
==223342== 11 bytes in 1 blocks are still reachable in loss record 10 of 122
==223342==    at 0x4846828: malloc (in /usr/libexec/valgrind/vgpreload_memcheck-amd64-linux.so)
==223342==    by 0x498B37E: strdup (strdup.c:42)
==223342==    by 0x48B22D0: ??? (in /usr/lib/x86_64-linux-gnu/libtinfo.so.6.4)
==223342==    by 0x48B4F9D: _nc_first_db (in /usr/lib/x86_64-linux-gnu/libtinfo.so.6.4)
==223342==    by 0x48C3A8A: _nc_read_entry2 (in /usr/lib/x86_64-linux-gnu/libtinfo.so.6.4)
==223342==    by 0x48BF135: ??? (in /usr/lib/x86_64-linux-gnu/libtinfo.so.6.4)
==223342==    by 0x48BF2C5: _nc_setupterm (in /usr/lib/x86_64-linux-gnu/libtinfo.so.6.4)
==223342==    by 0x48891F7: newterm_sp (in /usr/lib/x86_64-linux-gnu/libncurses.so.6.4)
==223342==    by 0x488A4D4: newterm (in /usr/lib/x86_64-linux-gnu/libncurses.so.6.4)
==223342==    by 0x488A567: initscr (in /usr/lib/x86_64-linux-gnu/libncurses.so.6.4)
==223342==    by 0x320E1A: curses_init_nhwindows (cursmain.c:160)
==223342==    by 0x31565D: main (unixmain.c:216)
==223342== 
==223342== 11 bytes in 1 blocks are still reachable in loss record 11 of 122
==223342==    at 0x4846828: malloc (in /usr/libexec/valgrind/vgpreload_memcheck-amd64-linux.so)
==223342==    by 0x498B37E: strdup (strdup.c:42)
==223342==    by 0x48B76A5: ??? (in /usr/lib/x86_64-linux-gnu/libtinfo.so.6.4)
==223342==    by 0x48BC278: _nc_tiparm (in /usr/lib/x86_64-linux-gnu/libtinfo.so.6.4)
==223342==    by 0x4889C30: newterm_sp (in /usr/lib/x86_64-linux-gnu/libncurses.so.6.4)
==223342==    by 0x488A4D4: newterm (in /usr/lib/x86_64-linux-gnu/libncurses.so.6.4)
==223342==    by 0x488A567: initscr (in /usr/lib/x86_64-linux-gnu/libncurses.so.6.4)
==223342==    by 0x320E1A: curses_init_nhwindows (cursmain.c:160)
==223342==    by 0x31565D: main (unixmain.c:216)
==223342== 
==223342== 11 bytes in 1 blocks are still reachable in loss record 12 of 122
==223342==    at 0x4846828: malloc (in /usr/libexec/valgrind/vgpreload_memcheck-amd64-linux.so)
==223342==    by 0x498B37E: strdup (strdup.c:42)
==223342==    by 0x48B76A5: ??? (in /usr/lib/x86_64-linux-gnu/libtinfo.so.6.4)
==223342==    by 0x48BC278: _nc_tiparm (in /usr/lib/x86_64-linux-gnu/libtinfo.so.6.4)
==223342==    by 0x4889C68: newterm_sp (in /usr/lib/x86_64-linux-gnu/libncurses.so.6.4)
==223342==    by 0x488A4D4: newterm (in /usr/lib/x86_64-linux-gnu/libncurses.so.6.4)
==223342==    by 0x488A567: initscr (in /usr/lib/x86_64-linux-gnu/libncurses.so.6.4)
==223342==    by 0x320E1A: curses_init_nhwindows (cursmain.c:160)
==223342==    by 0x31565D: main (unixmain.c:216)
==223342== 
==223342== 15 bytes in 1 blocks are still reachable in loss record 13 of 122
==223342==    at 0x4846828: malloc (in /usr/libexec/valgrind/vgpreload_memcheck-amd64-linux.so)
==223342==    by 0x498B37E: strdup (strdup.c:42)
==223342==    by 0x48BF328: _nc_setupterm (in /usr/lib/x86_64-linux-gnu/libtinfo.so.6.4)
==223342==    by 0x48891F7: newterm_sp (in /usr/lib/x86_64-linux-gnu/libncurses.so.6.4)
==223342==    by 0x488A4D4: newterm (in /usr/lib/x86_64-linux-gnu/libncurses.so.6.4)
==223342==    by 0x488A567: initscr (in /usr/lib/x86_64-linux-gnu/libncurses.so.6.4)
==223342==    by 0x320E1A: curses_init_nhwindows (cursmain.c:160)
==223342==    by 0x31565D: main (unixmain.c:216)
==223342== 
==223342== 17 bytes in 1 blocks are still reachable in loss record 14 of 122
==223342==    at 0x4846828: malloc (in /usr/libexec/valgrind/vgpreload_memcheck-amd64-linux.so)
==223342==    by 0x498B37E: strdup (strdup.c:42)
==223342==    by 0x48B76A5: ??? (in /usr/lib/x86_64-linux-gnu/libtinfo.so.6.4)
==223342==    by 0x48BC278: _nc_tiparm (in /usr/lib/x86_64-linux-gnu/libtinfo.so.6.4)
==223342==    by 0x4889B1B: newterm_sp (in /usr/lib/x86_64-linux-gnu/libncurses.so.6.4)
==223342==    by 0x488A4D4: newterm (in /usr/lib/x86_64-linux-gnu/libncurses.so.6.4)
==223342==    by 0x488A567: initscr (in /usr/lib/x86_64-linux-gnu/libncurses.so.6.4)
==223342==    by 0x320E1A: curses_init_nhwindows (cursmain.c:160)
==223342==    by 0x31565D: main (unixmain.c:216)
==223342== 
==223342== 17 bytes in 1 blocks are still reachable in loss record 15 of 122
==223342==    at 0x4846828: malloc (in /usr/libexec/valgrind/vgpreload_memcheck-amd64-linux.so)
==223342==    by 0x498B37E: strdup (strdup.c:42)
==223342==    by 0x48B76A5: ??? (in /usr/lib/x86_64-linux-gnu/libtinfo.so.6.4)
==223342==    by 0x48BC278: _nc_tiparm (in /usr/lib/x86_64-linux-gnu/libtinfo.so.6.4)
==223342==    by 0x4887813: ??? (in /usr/lib/x86_64-linux-gnu/libncurses.so.6.4)
==223342==    by 0x488A016: newterm_sp (in /usr/lib/x86_64-linux-gnu/libncurses.so.6.4)
==223342==    by 0x488A4D4: newterm (in /usr/lib/x86_64-linux-gnu/libncurses.so.6.4)
==223342==    by 0x488A567: initscr (in /usr/lib/x86_64-linux-gnu/libncurses.so.6.4)
==223342==    by 0x320E1A: curses_init_nhwindows (cursmain.c:160)
==223342==    by 0x31565D: main (unixmain.c:216)
==223342== 
==223342== 20 bytes in 1 blocks are still reachable in loss record 16 of 122
==223342==    at 0x4846828: malloc (in /usr/libexec/valgrind/vgpreload_memcheck-amd64-linux.so)
==223342==    by 0x498B37E: strdup (strdup.c:42)
==223342==    by 0x48B76A5: ??? (in /usr/lib/x86_64-linux-gnu/libtinfo.so.6.4)
==223342==    by 0x48BC278: _nc_tiparm (in /usr/lib/x86_64-linux-gnu/libtinfo.so.6.4)
==223342==    by 0x4889E99: newterm_sp (in /usr/lib/x86_64-linux-gnu/libncurses.so.6.4)
==223342==    by 0x488A4D4: newterm (in /usr/lib/x86_64-linux-gnu/libncurses.so.6.4)
==223342==    by 0x488A567: initscr (in /usr/lib/x86_64-linux-gnu/libncurses.so.6.4)
==223342==    by 0x320E1A: curses_init_nhwindows (cursmain.c:160)
==223342==    by 0x31565D: main (unixmain.c:216)
==223342== 
==223342== 23 bytes in 1 blocks are still reachable in loss record 17 of 122
==223342==    at 0x4846828: malloc (in /usr/libexec/valgrind/vgpreload_memcheck-amd64-linux.so)
==223342==    by 0x48B4997: _nc_home_terminfo (in /usr/lib/x86_64-linux-gnu/libtinfo.so.6.4)
==223342==    by 0x48B4F88: _nc_first_db (in /usr/lib/x86_64-linux-gnu/libtinfo.so.6.4)
==223342==    by 0x48C3A8A: _nc_read_entry2 (in /usr/lib/x86_64-linux-gnu/libtinfo.so.6.4)
==223342==    by 0x48BF135: ??? (in /usr/lib/x86_64-linux-gnu/libtinfo.so.6.4)
==223342==    by 0x48BF2C5: _nc_setupterm (in /usr/lib/x86_64-linux-gnu/libtinfo.so.6.4)
==223342==    by 0x48891F7: newterm_sp (in /usr/lib/x86_64-linux-gnu/libncurses.so.6.4)
==223342==    by 0x488A4D4: newterm (in /usr/lib/x86_64-linux-gnu/libncurses.so.6.4)
==223342==    by 0x488A567: initscr (in /usr/lib/x86_64-linux-gnu/libncurses.so.6.4)
==223342==    by 0x320E1A: curses_init_nhwindows (cursmain.c:160)
==223342==    by 0x31565D: main (unixmain.c:216)
==223342== 
==223342== 24 bytes in 1 blocks are still reachable in loss record 18 of 122
==223342==    at 0x4846828: malloc (in /usr/libexec/valgrind/vgpreload_memcheck-amd64-linux.so)
==223342==    by 0x49FF510: tsearch (tsearch.c:337)
==223342==    by 0x48B76C7: ??? (in /usr/lib/x86_64-linux-gnu/libtinfo.so.6.4)
==223342==    by 0x48BC278: _nc_tiparm (in /usr/lib/x86_64-linux-gnu/libtinfo.so.6.4)
==223342==    by 0x4889B1B: newterm_sp (in /usr/lib/x86_64-linux-gnu/libncurses.so.6.4)
==223342==    by 0x488A4D4: newterm (in /usr/lib/x86_64-linux-gnu/libncurses.so.6.4)
==223342==    by 0x488A567: initscr (in /usr/lib/x86_64-linux-gnu/libncurses.so.6.4)
==223342==    by 0x320E1A: curses_init_nhwindows (cursmain.c:160)
==223342==    by 0x31565D: main (unixmain.c:216)
==223342== 
==223342== 24 bytes in 1 blocks are still reachable in loss record 19 of 122
==223342==    at 0x4846828: malloc (in /usr/libexec/valgrind/vgpreload_memcheck-amd64-linux.so)
==223342==    by 0x49FF571: tsearch (tsearch.c:337)
==223342==    by 0x48B76C7: ??? (in /usr/lib/x86_64-linux-gnu/libtinfo.so.6.4)
==223342==    by 0x48BC278: _nc_tiparm (in /usr/lib/x86_64-linux-gnu/libtinfo.so.6.4)
==223342==    by 0x4889BFB: newterm_sp (in /usr/lib/x86_64-linux-gnu/libncurses.so.6.4)
==223342==    by 0x488A4D4: newterm (in /usr/lib/x86_64-linux-gnu/libncurses.so.6.4)
==223342==    by 0x488A567: initscr (in /usr/lib/x86_64-linux-gnu/libncurses.so.6.4)
==223342==    by 0x320E1A: curses_init_nhwindows (cursmain.c:160)
==223342==    by 0x31565D: main (unixmain.c:216)
==223342== 
==223342== 24 bytes in 1 blocks are still reachable in loss record 20 of 122
==223342==    at 0x4846828: malloc (in /usr/libexec/valgrind/vgpreload_memcheck-amd64-linux.so)
==223342==    by 0x49FF571: tsearch (tsearch.c:337)
==223342==    by 0x48B76C7: ??? (in /usr/lib/x86_64-linux-gnu/libtinfo.so.6.4)
==223342==    by 0x48BC278: _nc_tiparm (in /usr/lib/x86_64-linux-gnu/libtinfo.so.6.4)
==223342==    by 0x4889C30: newterm_sp (in /usr/lib/x86_64-linux-gnu/libncurses.so.6.4)
==223342==    by 0x488A4D4: newterm (in /usr/lib/x86_64-linux-gnu/libncurses.so.6.4)
==223342==    by 0x488A567: initscr (in /usr/lib/x86_64-linux-gnu/libncurses.so.6.4)
==223342==    by 0x320E1A: curses_init_nhwindows (cursmain.c:160)
==223342==    by 0x31565D: main (unixmain.c:216)
==223342== 
==223342== 24 bytes in 1 blocks are still reachable in loss record 21 of 122
==223342==    at 0x4846828: malloc (in /usr/libexec/valgrind/vgpreload_memcheck-amd64-linux.so)
==223342==    by 0x49FF571: tsearch (tsearch.c:337)
==223342==    by 0x48B76C7: ??? (in /usr/lib/x86_64-linux-gnu/libtinfo.so.6.4)
==223342==    by 0x48BC278: _nc_tiparm (in /usr/lib/x86_64-linux-gnu/libtinfo.so.6.4)
==223342==    by 0x4889C68: newterm_sp (in /usr/lib/x86_64-linux-gnu/libncurses.so.6.4)
==223342==    by 0x488A4D4: newterm (in /usr/lib/x86_64-linux-gnu/libncurses.so.6.4)
==223342==    by 0x488A567: initscr (in /usr/lib/x86_64-linux-gnu/libncurses.so.6.4)
==223342==    by 0x320E1A: curses_init_nhwindows (cursmain.c:160)
==223342==    by 0x31565D: main (unixmain.c:216)
==223342== 
==223342== 24 bytes in 1 blocks are still reachable in loss record 22 of 122
==223342==    at 0x4846828: malloc (in /usr/libexec/valgrind/vgpreload_memcheck-amd64-linux.so)
==223342==    by 0x49FF571: tsearch (tsearch.c:337)
==223342==    by 0x48B76C7: ??? (in /usr/lib/x86_64-linux-gnu/libtinfo.so.6.4)
==223342==    by 0x48BC278: _nc_tiparm (in /usr/lib/x86_64-linux-gnu/libtinfo.so.6.4)
==223342==    by 0x4889DAA: newterm_sp (in /usr/lib/x86_64-linux-gnu/libncurses.so.6.4)
==223342==    by 0x488A4D4: newterm (in /usr/lib/x86_64-linux-gnu/libncurses.so.6.4)
==223342==    by 0x488A567: initscr (in /usr/lib/x86_64-linux-gnu/libncurses.so.6.4)
==223342==    by 0x320E1A: curses_init_nhwindows (cursmain.c:160)
==223342==    by 0x31565D: main (unixmain.c:216)
==223342== 
==223342== 24 bytes in 1 blocks are still reachable in loss record 23 of 122
==223342==    at 0x4846828: malloc (in /usr/libexec/valgrind/vgpreload_memcheck-amd64-linux.so)
==223342==    by 0x49FF571: tsearch (tsearch.c:337)
==223342==    by 0x48B76C7: ??? (in /usr/lib/x86_64-linux-gnu/libtinfo.so.6.4)
==223342==    by 0x48BC278: _nc_tiparm (in /usr/lib/x86_64-linux-gnu/libtinfo.so.6.4)
==223342==    by 0x4889DF8: newterm_sp (in /usr/lib/x86_64-linux-gnu/libncurses.so.6.4)
==223342==    by 0x488A4D4: newterm (in /usr/lib/x86_64-linux-gnu/libncurses.so.6.4)
==223342==    by 0x488A567: initscr (in /usr/lib/x86_64-linux-gnu/libncurses.so.6.4)
==223342==    by 0x320E1A: curses_init_nhwindows (cursmain.c:160)
==223342==    by 0x31565D: main (unixmain.c:216)
==223342== 
==223342== 24 bytes in 1 blocks are still reachable in loss record 24 of 122
==223342==    at 0x4846828: malloc (in /usr/libexec/valgrind/vgpreload_memcheck-amd64-linux.so)
==223342==    by 0x49FF571: tsearch (tsearch.c:337)
==223342==    by 0x48B76C7: ??? (in /usr/lib/x86_64-linux-gnu/libtinfo.so.6.4)
==223342==    by 0x48BC278: _nc_tiparm (in /usr/lib/x86_64-linux-gnu/libtinfo.so.6.4)
==223342==    by 0x4889E46: newterm_sp (in /usr/lib/x86_64-linux-gnu/libncurses.so.6.4)
==223342==    by 0x488A4D4: newterm (in /usr/lib/x86_64-linux-gnu/libncurses.so.6.4)
==223342==    by 0x488A567: initscr (in /usr/lib/x86_64-linux-gnu/libncurses.so.6.4)
==223342==    by 0x320E1A: curses_init_nhwindows (cursmain.c:160)
==223342==    by 0x31565D: main (unixmain.c:216)
==223342== 
==223342== 24 bytes in 1 blocks are still reachable in loss record 25 of 122
==223342==    at 0x4846828: malloc (in /usr/libexec/valgrind/vgpreload_memcheck-amd64-linux.so)
==223342==    by 0x49FF571: tsearch (tsearch.c:337)
==223342==    by 0x48B76C7: ??? (in /usr/lib/x86_64-linux-gnu/libtinfo.so.6.4)
==223342==    by 0x48BC278: _nc_tiparm (in /usr/lib/x86_64-linux-gnu/libtinfo.so.6.4)
==223342==    by 0x4889E99: newterm_sp (in /usr/lib/x86_64-linux-gnu/libncurses.so.6.4)
==223342==    by 0x488A4D4: newterm (in /usr/lib/x86_64-linux-gnu/libncurses.so.6.4)
==223342==    by 0x488A567: initscr (in /usr/lib/x86_64-linux-gnu/libncurses.so.6.4)
==223342==    by 0x320E1A: curses_init_nhwindows (cursmain.c:160)
==223342==    by 0x31565D: main (unixmain.c:216)
==223342== 
==223342== 24 bytes in 1 blocks are still reachable in loss record 26 of 122
==223342==    at 0x4846828: malloc (in /usr/libexec/valgrind/vgpreload_memcheck-amd64-linux.so)
==223342==    by 0x49FF571: tsearch (tsearch.c:337)
==223342==    by 0x48B76C7: ??? (in /usr/lib/x86_64-linux-gnu/libtinfo.so.6.4)
==223342==    by 0x48BC278: _nc_tiparm (in /usr/lib/x86_64-linux-gnu/libtinfo.so.6.4)
==223342==    by 0x4887813: ??? (in /usr/lib/x86_64-linux-gnu/libncurses.so.6.4)
==223342==    by 0x488A016: newterm_sp (in /usr/lib/x86_64-linux-gnu/libncurses.so.6.4)
==223342==    by 0x488A4D4: newterm (in /usr/lib/x86_64-linux-gnu/libncurses.so.6.4)
==223342==    by 0x488A567: initscr (in /usr/lib/x86_64-linux-gnu/libncurses.so.6.4)
==223342==    by 0x320E1A: curses_init_nhwindows (cursmain.c:160)
==223342==    by 0x31565D: main (unixmain.c:216)
==223342== 
==223342== 24 bytes in 1 blocks are still reachable in loss record 27 of 122
==223342==    at 0x4846828: malloc (in /usr/libexec/valgrind/vgpreload_memcheck-amd64-linux.so)
==223342==    by 0x49FF571: tsearch (tsearch.c:337)
==223342==    by 0x48B76C7: ??? (in /usr/lib/x86_64-linux-gnu/libtinfo.so.6.4)
==223342==    by 0x48BC278: _nc_tiparm (in /usr/lib/x86_64-linux-gnu/libtinfo.so.6.4)
==223342==    by 0x4885D7F: ??? (in /usr/lib/x86_64-linux-gnu/libncurses.so.6.4)
==223342==    by 0x32C208: curses_init_nhcolors (cursinit.c:368)
==223342==    by 0x320E38: curses_init_nhwindows (cursmain.c:165)
==223342==    by 0x31565D: main (unixmain.c:216)
==223342== 
==223342== 24 bytes in 1 blocks are still reachable in loss record 28 of 122
==223342==    at 0x484D953: calloc (in /usr/libexec/valgrind/vgpreload_memcheck-amd64-linux.so)
==223342==    by 0x48B2AC6: _nc_add_to_try (in /usr/lib/x86_64-linux-gnu/libtinfo.so.6.4)
==223342==    by 0x48BE5DA: _nc_keypad (in /usr/lib/x86_64-linux-gnu/libtinfo.so.6.4)
==223342==    by 0x320E79: curses_init_nhwindows (cursmain.c:184)
==223342==    by 0x31565D: main (unixmain.c:216)
==223342== 
==223342== 24 bytes in 1 blocks are still reachable in loss record 29 of 122
==223342==    at 0x4846828: malloc (in /usr/libexec/valgrind/vgpreload_memcheck-amd64-linux.so)
==223342==    by 0x49FF571: tsearch (tsearch.c:337)
==223342==    by 0x48B76C7: ??? (in /usr/lib/x86_64-linux-gnu/libtinfo.so.6.4)
==223342==    by 0x48BC278: _nc_tiparm (in /usr/lib/x86_64-linux-gnu/libtinfo.so.6.4)
==223342==    by 0x48826F7: ??? (in /usr/lib/x86_64-linux-gnu/libncurses.so.6.4)
==223342==    by 0x488650D: ??? (in /usr/lib/x86_64-linux-gnu/libncurses.so.6.4)
==223342==    by 0x4892311: vidputs_sp (in /usr/lib/x86_64-linux-gnu/libncurses.so.6.4)
==223342==    by 0x4898161: ??? (in /usr/lib/x86_64-linux-gnu/libncurses.so.6.4)
==223342==    by 0x4898B66: ??? (in /usr/lib/x86_64-linux-gnu/libncurses.so.6.4)
==223342==    by 0x4899849: ??? (in /usr/lib/x86_64-linux-gnu/libncurses.so.6.4)
==223342==    by 0x489A075: doupdate_sp (in /usr/lib/x86_64-linux-gnu/libncurses.so.6.4)
==223342==    by 0x488A939: wrefresh (in /usr/lib/x86_64-linux-gnu/libncurses.so.6.4)
==223342==    by 0x32D57B: curses_display_splash_window (cursinit.c:879)
==223342==    by 0x320EEE: curses_init_nhwindows (cursmain.c:230)
==223342==    by 0x31565D: main (unixmain.c:216)
==223342== 
==223342== 24 bytes in 1 blocks are still reachable in loss record 30 of 122
==223342==    at 0x4846828: malloc (in /usr/libexec/valgrind/vgpreload_memcheck-amd64-linux.so)
==223342==    by 0x49FF571: tsearch (tsearch.c:337)
==223342==    by 0x48B76C7: ??? (in /usr/lib/x86_64-linux-gnu/libtinfo.so.6.4)
==223342==    by 0x48BC278: _nc_tiparm (in /usr/lib/x86_64-linux-gnu/libtinfo.so.6.4)
==223342==    by 0x4892438: vidputs_sp (in /usr/lib/x86_64-linux-gnu/libncurses.so.6.4)
==223342==    by 0x4898161: ??? (in /usr/lib/x86_64-linux-gnu/libncurses.so.6.4)
==223342==    by 0x4898B66: ??? (in /usr/lib/x86_64-linux-gnu/libncurses.so.6.4)
==223342==    by 0x4899849: ??? (in /usr/lib/x86_64-linux-gnu/libncurses.so.6.4)
==223342==    by 0x489A075: doupdate_sp (in /usr/lib/x86_64-linux-gnu/libncurses.so.6.4)
==223342==    by 0x32128E: curses_display_nhwindow (cursmain.c:383)
==223342==    by 0x2FF70B: genl_status_init (windows.c:901)
==223342==    by 0x32ACF6: curses_status_init (cursstat.c:69)
==223342==    by 0x16BBA1: status_initialize (botl.c:1075)
==223342==    by 0x14EC64: display_gamewindows (allmain.c:575)
==223342==    by 0x3156B6: main (unixmain.c:272)
==223342== 
==223342== 24 bytes in 1 blocks are still reachable in loss record 31 of 122
==223342==    at 0x4846828: malloc (in /usr/libexec/valgrind/vgpreload_memcheck-amd64-linux.so)
==223342==    by 0x49FF571: tsearch (tsearch.c:337)
==223342==    by 0x48B76C7: ??? (in /usr/lib/x86_64-linux-gnu/libtinfo.so.6.4)
==223342==    by 0x48BC278: _nc_tiparm (in /usr/lib/x86_64-linux-gnu/libtinfo.so.6.4)
==223342==    by 0x489447E: ??? (in /usr/lib/x86_64-linux-gnu/libncurses.so.6.4)
==223342==    by 0x48957A9: ??? (in /usr/lib/x86_64-linux-gnu/libncurses.so.6.4)
==223342==    by 0x489A98A: doupdate_sp (in /usr/lib/x86_64-linux-gnu/libncurses.so.6.4)
==223342==    by 0x321C39: curses_refresh_nhwin (curswins.c:297)
==223342==    by 0x32171D: curses_update_inventory (cursmain.c:618)
==223342==    by 0x1EAB01: update_inventory (invent.c:2492)
==223342==    by 0x1EC092: addinv (invent.c:1018)
==223342==    by 0x2E38F8: ini_inv (u_init.c:1120)
==223342==    by 0x2E3B8D: u_init (u_init.c:682)
==223342==    by 0x14EF4A: newgame (allmain.c:637)
==223342==    by 0x315A35: main (unixmain.c:350)
==223342== 
==223342== 24 bytes in 1 blocks are possibly lost in loss record 32 of 122
==223342==    at 0x4846828: malloc (in /usr/libexec/valgrind/vgpreload_memcheck-amd64-linux.so)
==223342==    by 0x49FF571: tsearch (tsearch.c:337)
==223342==    by 0x48B76C7: ??? (in /usr/lib/x86_64-linux-gnu/libtinfo.so.6.4)
==223342==    by 0x48BC278: _nc_tiparm (in /usr/lib/x86_64-linux-gnu/libtinfo.so.6.4)
==223342==    by 0x4889B53: newterm_sp (in /usr/lib/x86_64-linux-gnu/libncurses.so.6.4)
==223342==    by 0x488A4D4: newterm (in /usr/lib/x86_64-linux-gnu/libncurses.so.6.4)
==223342==    by 0x488A567: initscr (in /usr/lib/x86_64-linux-gnu/libncurses.so.6.4)
==223342==    by 0x320E1A: curses_init_nhwindows (cursmain.c:160)
==223342==    by 0x31565D: main (unixmain.c:216)
==223342== 
==223342== 24 bytes in 1 blocks are possibly lost in loss record 33 of 122
==223342==    at 0x4846828: malloc (in /usr/libexec/valgrind/vgpreload_memcheck-amd64-linux.so)
==223342==    by 0x49FF571: tsearch (tsearch.c:337)
==223342==    by 0x48B76C7: ??? (in /usr/lib/x86_64-linux-gnu/libtinfo.so.6.4)
==223342==    by 0x48BC278: _nc_tiparm (in /usr/lib/x86_64-linux-gnu/libtinfo.so.6.4)
==223342==    by 0x4889B8B: newterm_sp (in /usr/lib/x86_64-linux-gnu/libncurses.so.6.4)
==223342==    by 0x488A4D4: newterm (in /usr/lib/x86_64-linux-gnu/libncurses.so.6.4)
==223342==    by 0x488A567: initscr (in /usr/lib/x86_64-linux-gnu/libncurses.so.6.4)
==223342==    by 0x320E1A: curses_init_nhwindows (cursmain.c:160)
==223342==    by 0x31565D: main (unixmain.c:216)
==223342== 
==223342== 24 bytes in 1 blocks are possibly lost in loss record 34 of 122
==223342==    at 0x4846828: malloc (in /usr/libexec/valgrind/vgpreload_memcheck-amd64-linux.so)
==223342==    by 0x49FF571: tsearch (tsearch.c:337)
==223342==    by 0x48B76C7: ??? (in /usr/lib/x86_64-linux-gnu/libtinfo.so.6.4)
==223342==    by 0x48BC278: _nc_tiparm (in /usr/lib/x86_64-linux-gnu/libtinfo.so.6.4)
==223342==    by 0x4889BC3: newterm_sp (in /usr/lib/x86_64-linux-gnu/libncurses.so.6.4)
==223342==    by 0x488A4D4: newterm (in /usr/lib/x86_64-linux-gnu/libncurses.so.6.4)
==223342==    by 0x488A567: initscr (in /usr/lib/x86_64-linux-gnu/libncurses.so.6.4)
==223342==    by 0x320E1A: curses_init_nhwindows (cursmain.c:160)
==223342==    by 0x31565D: main (unixmain.c:216)
==223342== 
==223342== 28 bytes in 1 blocks are definitely lost in loss record 35 of 122
==223342==    at 0x4846828: malloc (in /usr/libexec/valgrind/vgpreload_memcheck-amd64-linux.so)
==223342==    by 0x14F23A: alloc (alloc.c:46)
==223342==    by 0x1C05EC: recalc_mapseen (dungeon.c:2758)
==223342==    by 0x2F630B: vision_recalc (vision.c:835)
==223342==    by 0x193D9A: docrt (display.c:1420)
==223342==    by 0x14EFE0: newgame (allmain.c:659)
==223342==    by 0x315A35: main (unixmain.c:350)
==223342== 
==223342== 47 bytes in 1 blocks are still reachable in loss record 36 of 122
==223342==    at 0x484DB80: realloc (in /usr/libexec/valgrind/vgpreload_memcheck-amd64-linux.so)
==223342==    by 0x48B39DC: _nc_doalloc (in /usr/lib/x86_64-linux-gnu/libtinfo.so.6.4)
==223342==    by 0x48C24A8: _nc_read_termtype (in /usr/lib/x86_64-linux-gnu/libtinfo.so.6.4)
==223342==    by 0x48C35C1: _nc_read_file_entry (in /usr/lib/x86_64-linux-gnu/libtinfo.so.6.4)
==223342==    by 0x48C394C: ??? (in /usr/lib/x86_64-linux-gnu/libtinfo.so.6.4)
==223342==    by 0x48C3AB0: _nc_read_entry2 (in /usr/lib/x86_64-linux-gnu/libtinfo.so.6.4)
==223342==    by 0x48BF135: ??? (in /usr/lib/x86_64-linux-gnu/libtinfo.so.6.4)
==223342==    by 0x48BF2C5: _nc_setupterm (in /usr/lib/x86_64-linux-gnu/libtinfo.so.6.4)
==223342==    by 0x48891F7: newterm_sp (in /usr/lib/x86_64-linux-gnu/libncurses.so.6.4)
==223342==    by 0x488A4D4: newterm (in /usr/lib/x86_64-linux-gnu/libncurses.so.6.4)
==223342==    by 0x488A567: initscr (in /usr/lib/x86_64-linux-gnu/libncurses.so.6.4)
==223342==    by 0x320E1A: curses_init_nhwindows (cursmain.c:160)
==223342==    by 0x31565D: main (unixmain.c:216)
==223342== 
==223342== 47 bytes in 1 blocks are still reachable in loss record 37 of 122
==223342==    at 0x4846828: malloc (in /usr/libexec/valgrind/vgpreload_memcheck-amd64-linux.so)
==223342==    by 0x48B3000: ??? (in /usr/lib/x86_64-linux-gnu/libtinfo.so.6.4)
==223342==    by 0x48BF2F7: _nc_setupterm (in /usr/lib/x86_64-linux-gnu/libtinfo.so.6.4)
==223342==    by 0x48891F7: newterm_sp (in /usr/lib/x86_64-linux-gnu/libncurses.so.6.4)
==223342==    by 0x488A4D4: newterm (in /usr/lib/x86_64-linux-gnu/libncurses.so.6.4)
==223342==    by 0x488A567: initscr (in /usr/lib/x86_64-linux-gnu/libncurses.so.6.4)
==223342==    by 0x320E1A: curses_init_nhwindows (cursmain.c:160)
==223342==    by 0x31565D: main (unixmain.c:216)
==223342== 
==223342== 48 bytes in 1 blocks are still reachable in loss record 38 of 122
==223342==    at 0x484D953: calloc (in /usr/libexec/valgrind/vgpreload_memcheck-amd64-linux.so)
==223342==    by 0x48B4B9B: _nc_first_db (in /usr/lib/x86_64-linux-gnu/libtinfo.so.6.4)
==223342==    by 0x48C3A8A: _nc_read_entry2 (in /usr/lib/x86_64-linux-gnu/libtinfo.so.6.4)
==223342==    by 0x48BF135: ??? (in /usr/lib/x86_64-linux-gnu/libtinfo.so.6.4)
==223342==    by 0x48BF2C5: _nc_setupterm (in /usr/lib/x86_64-linux-gnu/libtinfo.so.6.4)
==223342==    by 0x48891F7: newterm_sp (in /usr/lib/x86_64-linux-gnu/libncurses.so.6.4)
==223342==    by 0x488A4D4: newterm (in /usr/lib/x86_64-linux-gnu/libncurses.so.6.4)
==223342==    by 0x488A567: initscr (in /usr/lib/x86_64-linux-gnu/libncurses.so.6.4)
==223342==    by 0x320E1A: curses_init_nhwindows (cursmain.c:160)
==223342==    by 0x31565D: main (unixmain.c:216)
==223342== 
==223342== 63 bytes in 1 blocks are still reachable in loss record 39 of 122
==223342==    at 0x4846828: malloc (in /usr/libexec/valgrind/vgpreload_memcheck-amd64-linux.so)
==223342==    by 0x498B37E: strdup (strdup.c:42)
==223342==    by 0x48B76A5: ??? (in /usr/lib/x86_64-linux-gnu/libtinfo.so.6.4)
==223342==    by 0x48BC278: _nc_tiparm (in /usr/lib/x86_64-linux-gnu/libtinfo.so.6.4)
==223342==    by 0x48826F7: ??? (in /usr/lib/x86_64-linux-gnu/libncurses.so.6.4)
==223342==    by 0x488650D: ??? (in /usr/lib/x86_64-linux-gnu/libncurses.so.6.4)
==223342==    by 0x4892311: vidputs_sp (in /usr/lib/x86_64-linux-gnu/libncurses.so.6.4)
==223342==    by 0x4898161: ??? (in /usr/lib/x86_64-linux-gnu/libncurses.so.6.4)
==223342==    by 0x4898B66: ??? (in /usr/lib/x86_64-linux-gnu/libncurses.so.6.4)
==223342==    by 0x4899849: ??? (in /usr/lib/x86_64-linux-gnu/libncurses.so.6.4)
==223342==    by 0x489A075: doupdate_sp (in /usr/lib/x86_64-linux-gnu/libncurses.so.6.4)
==223342==    by 0x488A939: wrefresh (in /usr/lib/x86_64-linux-gnu/libncurses.so.6.4)
==223342==    by 0x32D57B: curses_display_splash_window (cursinit.c:879)
==223342==    by 0x320EEE: curses_init_nhwindows (cursmain.c:230)
==223342==    by 0x31565D: main (unixmain.c:216)
==223342== 
==223342== 70 bytes in 1 blocks are still reachable in loss record 40 of 122
==223342==    at 0x484DB80: realloc (in /usr/libexec/valgrind/vgpreload_memcheck-amd64-linux.so)
==223342==    by 0x48B39DC: _nc_doalloc (in /usr/lib/x86_64-linux-gnu/libtinfo.so.6.4)
==223342==    by 0x48BCB43: _nc_tiparm (in /usr/lib/x86_64-linux-gnu/libtinfo.so.6.4)
==223342==    by 0x4889B1B: newterm_sp (in /usr/lib/x86_64-linux-gnu/libncurses.so.6.4)
==223342==    by 0x488A4D4: newterm (in /usr/lib/x86_64-linux-gnu/libncurses.so.6.4)
==223342==    by 0x488A567: initscr (in /usr/lib/x86_64-linux-gnu/libncurses.so.6.4)
==223342==    by 0x320E1A: curses_init_nhwindows (cursmain.c:160)
==223342==    by 0x31565D: main (unixmain.c:216)
==223342== 
==223342== 78 bytes in 1 blocks are still reachable in loss record 41 of 122
==223342==    at 0x4846828: malloc (in /usr/libexec/valgrind/vgpreload_memcheck-amd64-linux.so)
==223342==    by 0x48B3129: ??? (in /usr/lib/x86_64-linux-gnu/libtinfo.so.6.4)
==223342==    by 0x48BF2F7: _nc_setupterm (in /usr/lib/x86_64-linux-gnu/libtinfo.so.6.4)
==223342==    by 0x48891F7: newterm_sp (in /usr/lib/x86_64-linux-gnu/libncurses.so.6.4)
==223342==    by 0x488A4D4: newterm (in /usr/lib/x86_64-linux-gnu/libncurses.so.6.4)
==223342==    by 0x488A567: initscr (in /usr/lib/x86_64-linux-gnu/libncurses.so.6.4)
==223342==    by 0x320E1A: curses_init_nhwindows (cursmain.c:160)
==223342==    by 0x31565D: main (unixmain.c:216)
==223342== 
==223342== 80 bytes in 1 blocks are still reachable in loss record 42 of 122
==223342==    at 0x484D953: calloc (in /usr/libexec/valgrind/vgpreload_memcheck-amd64-linux.so)
==223342==    by 0x4882935: ??? (in /usr/lib/x86_64-linux-gnu/libncurses.so.6.4)
==223342==    by 0x4887AD7: newwin_sp (in /usr/lib/x86_64-linux-gnu/libncurses.so.6.4)
==223342==    by 0x321AE9: curses_add_nhwin (curswins.c:236)
==223342==    by 0x32BEA9: curses_create_main_windows (cursinit.c:272)
==223342==    by 0x320EE4: curses_init_nhwindows (cursmain.c:228)
==223342==    by 0x31565D: main (unixmain.c:216)
==223342== 
==223342== 80 bytes in 1 blocks are still reachable in loss record 43 of 122
==223342==    at 0x484D953: calloc (in /usr/libexec/valgrind/vgpreload_memcheck-amd64-linux.so)
==223342==    by 0x4882935: ??? (in /usr/lib/x86_64-linux-gnu/libncurses.so.6.4)
==223342==    by 0x4887AD7: newwin_sp (in /usr/lib/x86_64-linux-gnu/libncurses.so.6.4)
==223342==    by 0x321AE9: curses_add_nhwin (curswins.c:236)
==223342==    by 0x32BEA9: curses_create_main_windows (cursinit.c:272)
==223342==    by 0x321655: curs_reset_windows (cursmain.c:980)
==223342==    by 0x321740: curses_update_inventory (cursmain.c:604)
==223342==    by 0x1EAB01: update_inventory (invent.c:2492)
==223342==    by 0x1CC6AD: done_object_cleanup (end.c:1055)
==223342==    by 0x1CC6AD: really_done (end.c:1235)
==223342==    by 0x1CE5E7: done (end.c:1201)
==223342==    by 0x1CE675: done2 (end.c:381)
==223342==    by 0x16F97E: doextcmd (cmd.c:387)
==223342==    by 0x17DBD8: rhack (cmd.c:5145)
==223342==    by 0x14E7EC: moveloop (allmain.c:463)
==223342==    by 0x315A48: main (unixmain.c:355)
==223342== 
==223342== 92 bytes in 1 blocks are still reachable in loss record 44 of 122
==223342==    at 0x4846828: malloc (in /usr/libexec/valgrind/vgpreload_memcheck-amd64-linux.so)
==223342==    by 0x48B4AFF: _nc_first_db (in /usr/lib/x86_64-linux-gnu/libtinfo.so.6.4)
==223342==    by 0x48C3A8A: _nc_read_entry2 (in /usr/lib/x86_64-linux-gnu/libtinfo.so.6.4)
==223342==    by 0x48BF135: ??? (in /usr/lib/x86_64-linux-gnu/libtinfo.so.6.4)
==223342==    by 0x48BF2C5: _nc_setupterm (in /usr/lib/x86_64-linux-gnu/libtinfo.so.6.4)
==223342==    by 0x48891F7: newterm_sp (in /usr/lib/x86_64-linux-gnu/libncurses.so.6.4)
==223342==    by 0x488A4D4: newterm (in /usr/lib/x86_64-linux-gnu/libncurses.so.6.4)
==223342==    by 0x488A567: initscr (in /usr/lib/x86_64-linux-gnu/libncurses.so.6.4)
==223342==    by 0x320E1A: curses_init_nhwindows (cursmain.c:160)
==223342==    by 0x31565D: main (unixmain.c:216)
==223342== 
==223342== 93 bytes in 1 blocks are still reachable in loss record 45 of 122
==223342==    at 0x4846828: malloc (in /usr/libexec/valgrind/vgpreload_memcheck-amd64-linux.so)
==223342==    by 0x498B37E: strdup (strdup.c:42)
==223342==    by 0x48B76A5: ??? (in /usr/lib/x86_64-linux-gnu/libtinfo.so.6.4)
==223342==    by 0x48BC278: _nc_tiparm (in /usr/lib/x86_64-linux-gnu/libtinfo.so.6.4)
==223342==    by 0x4892438: vidputs_sp (in /usr/lib/x86_64-linux-gnu/libncurses.so.6.4)
==223342==    by 0x4898161: ??? (in /usr/lib/x86_64-linux-gnu/libncurses.so.6.4)
==223342==    by 0x4898B66: ??? (in /usr/lib/x86_64-linux-gnu/libncurses.so.6.4)
==223342==    by 0x4899849: ??? (in /usr/lib/x86_64-linux-gnu/libncurses.so.6.4)
==223342==    by 0x489A075: doupdate_sp (in /usr/lib/x86_64-linux-gnu/libncurses.so.6.4)
==223342==    by 0x32128E: curses_display_nhwindow (cursmain.c:383)
==223342==    by 0x2FF70B: genl_status_init (windows.c:901)
==223342==    by 0x32ACF6: curses_status_init (cursstat.c:69)
==223342==    by 0x16BBA1: status_initialize (botl.c:1075)
==223342==    by 0x14EC64: display_gamewindows (allmain.c:575)
==223342==    by 0x3156B6: main (unixmain.c:272)
==223342== 
==223342== 94 bytes in 1 blocks are still reachable in loss record 46 of 122
==223342==    at 0x4846828: malloc (in /usr/libexec/valgrind/vgpreload_memcheck-amd64-linux.so)
==223342==    by 0x498B37E: strdup (strdup.c:42)
==223342==    by 0x48B76A5: ??? (in /usr/lib/x86_64-linux-gnu/libtinfo.so.6.4)
==223342==    by 0x48BC278: _nc_tiparm (in /usr/lib/x86_64-linux-gnu/libtinfo.so.6.4)
==223342==    by 0x4885D7F: ??? (in /usr/lib/x86_64-linux-gnu/libncurses.so.6.4)
==223342==    by 0x32C208: curses_init_nhcolors (cursinit.c:368)
==223342==    by 0x320E38: curses_init_nhwindows (cursmain.c:165)
==223342==    by 0x31565D: main (unixmain.c:216)
==223342== 
==223342== 104 bytes in 1 blocks are still reachable in loss record 47 of 122
==223342==    at 0x484D953: calloc (in /usr/libexec/valgrind/vgpreload_memcheck-amd64-linux.so)
==223342==    by 0x4882917: ??? (in /usr/lib/x86_64-linux-gnu/libncurses.so.6.4)
==223342==    by 0x4887AD7: newwin_sp (in /usr/lib/x86_64-linux-gnu/libncurses.so.6.4)
==223342==    by 0x4889634: newterm_sp (in /usr/lib/x86_64-linux-gnu/libncurses.so.6.4)
==223342==    by 0x488A4D4: newterm (in /usr/lib/x86_64-linux-gnu/libncurses.so.6.4)
==223342==    by 0x488A567: initscr (in /usr/lib/x86_64-linux-gnu/libncurses.so.6.4)
==223342==    by 0x320E1A: curses_init_nhwindows (cursmain.c:160)
==223342==    by 0x31565D: main (unixmain.c:216)
==223342== 
==223342== 104 bytes in 1 blocks are still reachable in loss record 48 of 122
==223342==    at 0x484D953: calloc (in /usr/libexec/valgrind/vgpreload_memcheck-amd64-linux.so)
==223342==    by 0x4882917: ??? (in /usr/lib/x86_64-linux-gnu/libncurses.so.6.4)
==223342==    by 0x4887AD7: newwin_sp (in /usr/lib/x86_64-linux-gnu/libncurses.so.6.4)
==223342==    by 0x488965D: newterm_sp (in /usr/lib/x86_64-linux-gnu/libncurses.so.6.4)
==223342==    by 0x488A4D4: newterm (in /usr/lib/x86_64-linux-gnu/libncurses.so.6.4)
==223342==    by 0x488A567: initscr (in /usr/lib/x86_64-linux-gnu/libncurses.so.6.4)
==223342==    by 0x320E1A: curses_init_nhwindows (cursmain.c:160)
==223342==    by 0x31565D: main (unixmain.c:216)
==223342== 
==223342== 104 bytes in 1 blocks are still reachable in loss record 49 of 122
==223342==    at 0x484D953: calloc (in /usr/libexec/valgrind/vgpreload_memcheck-amd64-linux.so)
==223342==    by 0x4882917: ??? (in /usr/lib/x86_64-linux-gnu/libncurses.so.6.4)
==223342==    by 0x4887AD7: newwin_sp (in /usr/lib/x86_64-linux-gnu/libncurses.so.6.4)
==223342==    by 0x488980E: newterm_sp (in /usr/lib/x86_64-linux-gnu/libncurses.so.6.4)
==223342==    by 0x488A4D4: newterm (in /usr/lib/x86_64-linux-gnu/libncurses.so.6.4)
==223342==    by 0x488A567: initscr (in /usr/lib/x86_64-linux-gnu/libncurses.so.6.4)
==223342==    by 0x320E1A: curses_init_nhwindows (cursmain.c:160)
==223342==    by 0x31565D: main (unixmain.c:216)
==223342== 
==223342== 104 bytes in 1 blocks are still reachable in loss record 50 of 122
==223342==    at 0x484D953: calloc (in /usr/libexec/valgrind/vgpreload_memcheck-amd64-linux.so)
==223342==    by 0x4882917: ??? (in /usr/lib/x86_64-linux-gnu/libncurses.so.6.4)
==223342==    by 0x4887AD7: newwin_sp (in /usr/lib/x86_64-linux-gnu/libncurses.so.6.4)
==223342==    by 0x321AE9: curses_add_nhwin (curswins.c:236)
==223342==    by 0x32BEA9: curses_create_main_windows (cursinit.c:272)
==223342==    by 0x320EE4: curses_init_nhwindows (cursmain.c:228)
==223342==    by 0x31565D: main (unixmain.c:216)
==223342== 
==223342== 104 bytes in 1 blocks are still reachable in loss record 51 of 122
==223342==    at 0x484D953: calloc (in /usr/libexec/valgrind/vgpreload_memcheck-amd64-linux.so)
==223342==    by 0x4882917: ??? (in /usr/lib/x86_64-linux-gnu/libncurses.so.6.4)
==223342==    by 0x4887AD7: newwin_sp (in /usr/lib/x86_64-linux-gnu/libncurses.so.6.4)
==223342==    by 0x321AE9: curses_add_nhwin (curswins.c:236)
==223342==    by 0x32BECC: curses_create_main_windows (cursinit.c:275)
==223342==    by 0x320EE4: curses_init_nhwindows (cursmain.c:228)
==223342==    by 0x31565D: main (unixmain.c:216)
==223342== 
==223342== 104 bytes in 1 blocks are still reachable in loss record 52 of 122
==223342==    at 0x484D953: calloc (in /usr/libexec/valgrind/vgpreload_memcheck-amd64-linux.so)
==223342==    by 0x4882917: ??? (in /usr/lib/x86_64-linux-gnu/libncurses.so.6.4)
==223342==    by 0x4887AD7: newwin_sp (in /usr/lib/x86_64-linux-gnu/libncurses.so.6.4)
==223342==    by 0x321AE9: curses_add_nhwin (curswins.c:236)
==223342==    by 0x32C02C: curses_create_main_windows (cursinit.c:279)
==223342==    by 0x320EE4: curses_init_nhwindows (cursmain.c:228)
==223342==    by 0x31565D: main (unixmain.c:216)
==223342== 
==223342== 104 bytes in 1 blocks are still reachable in loss record 53 of 122
==223342==    at 0x484D953: calloc (in /usr/libexec/valgrind/vgpreload_memcheck-amd64-linux.so)
==223342==    by 0x4882917: ??? (in /usr/lib/x86_64-linux-gnu/libncurses.so.6.4)
==223342==    by 0x4887AD7: newwin_sp (in /usr/lib/x86_64-linux-gnu/libncurses.so.6.4)
==223342==    by 0x321AE9: curses_add_nhwin (curswins.c:236)
==223342==    by 0x32BF03: curses_create_main_windows (cursinit.c:282)
==223342==    by 0x320EE4: curses_init_nhwindows (cursmain.c:228)
==223342==    by 0x31565D: main (unixmain.c:216)
==223342== 
==223342== 104 bytes in 1 blocks are still reachable in loss record 54 of 122
==223342==    at 0x484D953: calloc (in /usr/libexec/valgrind/vgpreload_memcheck-amd64-linux.so)
==223342==    by 0x4882917: ??? (in /usr/lib/x86_64-linux-gnu/libncurses.so.6.4)
==223342==    by 0x4887AD7: newwin_sp (in /usr/lib/x86_64-linux-gnu/libncurses.so.6.4)
==223342==    by 0x321AE9: curses_add_nhwin (curswins.c:236)
==223342==    by 0x32BEA9: curses_create_main_windows (cursinit.c:272)
==223342==    by 0x321655: curs_reset_windows (cursmain.c:980)
==223342==    by 0x321740: curses_update_inventory (cursmain.c:604)
==223342==    by 0x1EAB01: update_inventory (invent.c:2492)
==223342==    by 0x1CC6AD: done_object_cleanup (end.c:1055)
==223342==    by 0x1CC6AD: really_done (end.c:1235)
==223342==    by 0x1CE5E7: done (end.c:1201)
==223342==    by 0x1CE675: done2 (end.c:381)
==223342==    by 0x16F97E: doextcmd (cmd.c:387)
==223342==    by 0x17DBD8: rhack (cmd.c:5145)
==223342==    by 0x14E7EC: moveloop (allmain.c:463)
==223342==    by 0x315A48: main (unixmain.c:355)
==223342== 
==223342== 104 bytes in 1 blocks are still reachable in loss record 55 of 122
==223342==    at 0x484D953: calloc (in /usr/libexec/valgrind/vgpreload_memcheck-amd64-linux.so)
==223342==    by 0x4882917: ??? (in /usr/lib/x86_64-linux-gnu/libncurses.so.6.4)
==223342==    by 0x4887AD7: newwin_sp (in /usr/lib/x86_64-linux-gnu/libncurses.so.6.4)
==223342==    by 0x321AE9: curses_add_nhwin (curswins.c:236)
==223342==    by 0x32BECC: curses_create_main_windows (cursinit.c:275)
==223342==    by 0x321655: curs_reset_windows (cursmain.c:980)
==223342==    by 0x321740: curses_update_inventory (cursmain.c:604)
==223342==    by 0x1EAB01: update_inventory (invent.c:2492)
==223342==    by 0x1CC6AD: done_object_cleanup (end.c:1055)
==223342==    by 0x1CC6AD: really_done (end.c:1235)
==223342==    by 0x1CE5E7: done (end.c:1201)
==223342==    by 0x1CE675: done2 (end.c:381)
==223342==    by 0x16F97E: doextcmd (cmd.c:387)
==223342==    by 0x17DBD8: rhack (cmd.c:5145)
==223342==    by 0x14E7EC: moveloop (allmain.c:463)
==223342==    by 0x315A48: main (unixmain.c:355)
==223342== 
==223342== 104 bytes in 1 blocks are still reachable in loss record 56 of 122
==223342==    at 0x484D953: calloc (in /usr/libexec/valgrind/vgpreload_memcheck-amd64-linux.so)
==223342==    by 0x4882917: ??? (in /usr/lib/x86_64-linux-gnu/libncurses.so.6.4)
==223342==    by 0x4887AD7: newwin_sp (in /usr/lib/x86_64-linux-gnu/libncurses.so.6.4)
==223342==    by 0x321AE9: curses_add_nhwin (curswins.c:236)
==223342==    by 0x32BF03: curses_create_main_windows (cursinit.c:282)
==223342==    by 0x321655: curs_reset_windows (cursmain.c:980)
==223342==    by 0x321740: curses_update_inventory (cursmain.c:604)
==223342==    by 0x1EAB01: update_inventory (invent.c:2492)
==223342==    by 0x1CC6AD: done_object_cleanup (end.c:1055)
==223342==    by 0x1CC6AD: really_done (end.c:1235)
==223342==    by 0x1CE5E7: done (end.c:1201)
==223342==    by 0x1CE675: done2 (end.c:381)
==223342==    by 0x16F97E: doextcmd (cmd.c:387)
==223342==    by 0x17DBD8: rhack (cmd.c:5145)
==223342==    by 0x14E7EC: moveloop (allmain.c:463)
==223342==    by 0x315A48: main (unixmain.c:355)
==223342== 
==223342== 128 bytes in 1 blocks are still reachable in loss record 57 of 122
==223342==    at 0x484D953: calloc (in /usr/libexec/valgrind/vgpreload_memcheck-amd64-linux.so)
==223342==    by 0x488926E: newterm_sp (in /usr/lib/x86_64-linux-gnu/libncurses.so.6.4)
==223342==    by 0x488A4D4: newterm (in /usr/lib/x86_64-linux-gnu/libncurses.so.6.4)
==223342==    by 0x488A567: initscr (in /usr/lib/x86_64-linux-gnu/libncurses.so.6.4)
==223342==    by 0x320E1A: curses_init_nhwindows (cursmain.c:160)
==223342==    by 0x31565D: main (unixmain.c:216)
==223342== 
==223342== 134 bytes in 1 blocks are still reachable in loss record 58 of 122
==223342==    at 0x484DB80: realloc (in /usr/libexec/valgrind/vgpreload_memcheck-amd64-linux.so)
==223342==    by 0x48B39DC: _nc_doalloc (in /usr/lib/x86_64-linux-gnu/libtinfo.so.6.4)
==223342==    by 0x48B7237: _nc_tparm_analyze (in /usr/lib/x86_64-linux-gnu/libtinfo.so.6.4)
==223342==    by 0x48B75B2: ??? (in /usr/lib/x86_64-linux-gnu/libtinfo.so.6.4)
==223342==    by 0x48BC278: _nc_tiparm (in /usr/lib/x86_64-linux-gnu/libtinfo.so.6.4)
==223342==    by 0x4885D7F: ??? (in /usr/lib/x86_64-linux-gnu/libncurses.so.6.4)
==223342==    by 0x32C208: curses_init_nhcolors (cursinit.c:368)
==223342==    by 0x320E38: curses_init_nhwindows (cursmain.c:165)
==223342==    by 0x31565D: main (unixmain.c:216)
==223342== 
==223342== 154 bytes in 35 blocks are still reachable in loss record 59 of 122
==223342==    at 0x4846828: malloc (in /usr/libexec/valgrind/vgpreload_memcheck-amd64-linux.so)
==223342==    by 0x14F23A: alloc (alloc.c:46)
==223342==    by 0x14F2D7: dupstr (alloc.c:162)
==223342==    by 0x25F59B: add_voice_force (options.c:7246)
==223342==    by 0x1D932C: parse_config_line (files.c:2764)
==223342==    by 0x1DA559: parse_conf_file (files.c:3219)
==223342==    by 0x1DA6CE: read_config_file (files.c:2943)
==223342==    by 0x2644E6: initoptions_finish (options.c:919)
==223342==    by 0x2645EB: initoptions (options.c:730)
==223342==    by 0x315252: main (unixmain.c:190)
==223342== 
==223342== 156 bytes in 1 blocks are still reachable in loss record 60 of 122
==223342==    at 0x484DB80: realloc (in /usr/libexec/valgrind/vgpreload_memcheck-amd64-linux.so)
==223342==    by 0x48B39DC: _nc_doalloc (in /usr/lib/x86_64-linux-gnu/libtinfo.so.6.4)
==223342==    by 0x48C24C6: _nc_read_termtype (in /usr/lib/x86_64-linux-gnu/libtinfo.so.6.4)
==223342==    by 0x48C35C1: _nc_read_file_entry (in /usr/lib/x86_64-linux-gnu/libtinfo.so.6.4)
==223342==    by 0x48C394C: ??? (in /usr/lib/x86_64-linux-gnu/libtinfo.so.6.4)
==223342==    by 0x48C3AB0: _nc_read_entry2 (in /usr/lib/x86_64-linux-gnu/libtinfo.so.6.4)
==223342==    by 0x48BF135: ??? (in /usr/lib/x86_64-linux-gnu/libtinfo.so.6.4)
==223342==    by 0x48BF2C5: _nc_setupterm (in /usr/lib/x86_64-linux-gnu/libtinfo.so.6.4)
==223342==    by 0x48891F7: newterm_sp (in /usr/lib/x86_64-linux-gnu/libncurses.so.6.4)
==223342==    by 0x488A4D4: newterm (in /usr/lib/x86_64-linux-gnu/libncurses.so.6.4)
==223342==    by 0x488A567: initscr (in /usr/lib/x86_64-linux-gnu/libncurses.so.6.4)
==223342==    by 0x320E1A: curses_init_nhwindows (cursmain.c:160)
==223342==    by 0x31565D: main (unixmain.c:216)
==223342== 
==223342== 168 bytes in 1 blocks are still reachable in loss record 61 of 122
==223342==    at 0x484D953: calloc (in /usr/libexec/valgrind/vgpreload_memcheck-amd64-linux.so)
==223342==    by 0x48B761E: ??? (in /usr/lib/x86_64-linux-gnu/libtinfo.so.6.4)
==223342==    by 0x48BC278: _nc_tiparm (in /usr/lib/x86_64-linux-gnu/libtinfo.so.6.4)
==223342==    by 0x4889B1B: newterm_sp (in /usr/lib/x86_64-linux-gnu/libncurses.so.6.4)
==223342==    by 0x488A4D4: newterm (in /usr/lib/x86_64-linux-gnu/libncurses.so.6.4)
==223342==    by 0x488A567: initscr (in /usr/lib/x86_64-linux-gnu/libncurses.so.6.4)
==223342==    by 0x320E1A: curses_init_nhwindows (cursmain.c:160)
==223342==    by 0x31565D: main (unixmain.c:216)
==223342== 
==223342== 168 bytes in 1 blocks are still reachable in loss record 62 of 122
==223342==    at 0x484D953: calloc (in /usr/libexec/valgrind/vgpreload_memcheck-amd64-linux.so)
==223342==    by 0x48B761E: ??? (in /usr/lib/x86_64-linux-gnu/libtinfo.so.6.4)
==223342==    by 0x48BC278: _nc_tiparm (in /usr/lib/x86_64-linux-gnu/libtinfo.so.6.4)
==223342==    by 0x4889BFB: newterm_sp (in /usr/lib/x86_64-linux-gnu/libncurses.so.6.4)
==223342==    by 0x488A4D4: newterm (in /usr/lib/x86_64-linux-gnu/libncurses.so.6.4)
==223342==    by 0x488A567: initscr (in /usr/lib/x86_64-linux-gnu/libncurses.so.6.4)
==223342==    by 0x320E1A: curses_init_nhwindows (cursmain.c:160)
==223342==    by 0x31565D: main (unixmain.c:216)
==223342== 
==223342== 168 bytes in 1 blocks are still reachable in loss record 63 of 122
==223342==    at 0x484D953: calloc (in /usr/libexec/valgrind/vgpreload_memcheck-amd64-linux.so)
==223342==    by 0x48B761E: ??? (in /usr/lib/x86_64-linux-gnu/libtinfo.so.6.4)
==223342==    by 0x48BC278: _nc_tiparm (in /usr/lib/x86_64-linux-gnu/libtinfo.so.6.4)
==223342==    by 0x4889C30: newterm_sp (in /usr/lib/x86_64-linux-gnu/libncurses.so.6.4)
==223342==    by 0x488A4D4: newterm (in /usr/lib/x86_64-linux-gnu/libncurses.so.6.4)
==223342==    by 0x488A567: initscr (in /usr/lib/x86_64-linux-gnu/libncurses.so.6.4)
==223342==    by 0x320E1A: curses_init_nhwindows (cursmain.c:160)
==223342==    by 0x31565D: main (unixmain.c:216)
==223342== 
==223342== 168 bytes in 1 blocks are still reachable in loss record 64 of 122
==223342==    at 0x484D953: calloc (in /usr/libexec/valgrind/vgpreload_memcheck-amd64-linux.so)
==223342==    by 0x48B761E: ??? (in /usr/lib/x86_64-linux-gnu/libtinfo.so.6.4)
==223342==    by 0x48BC278: _nc_tiparm (in /usr/lib/x86_64-linux-gnu/libtinfo.so.6.4)
==223342==    by 0x4889C68: newterm_sp (in /usr/lib/x86_64-linux-gnu/libncurses.so.6.4)
==223342==    by 0x488A4D4: newterm (in /usr/lib/x86_64-linux-gnu/libncurses.so.6.4)
==223342==    by 0x488A567: initscr (in /usr/lib/x86_64-linux-gnu/libncurses.so.6.4)
==223342==    by 0x320E1A: curses_init_nhwindows (cursmain.c:160)
==223342==    by 0x31565D: main (unixmain.c:216)
==223342== 
==223342== 168 bytes in 1 blocks are still reachable in loss record 65 of 122
==223342==    at 0x484D953: calloc (in /usr/libexec/valgrind/vgpreload_memcheck-amd64-linux.so)
==223342==    by 0x48B761E: ??? (in /usr/lib/x86_64-linux-gnu/libtinfo.so.6.4)
==223342==    by 0x48BC278: _nc_tiparm (in /usr/lib/x86_64-linux-gnu/libtinfo.so.6.4)
==223342==    by 0x4889DAA: newterm_sp (in /usr/lib/x86_64-linux-gnu/libncurses.so.6.4)
==223342==    by 0x488A4D4: newterm (in /usr/lib/x86_64-linux-gnu/libncurses.so.6.4)
==223342==    by 0x488A567: initscr (in /usr/lib/x86_64-linux-gnu/libncurses.so.6.4)
==223342==    by 0x320E1A: curses_init_nhwindows (cursmain.c:160)
==223342==    by 0x31565D: main (unixmain.c:216)
==223342== 
==223342== 168 bytes in 1 blocks are still reachable in loss record 66 of 122
==223342==    at 0x484D953: calloc (in /usr/libexec/valgrind/vgpreload_memcheck-amd64-linux.so)
==223342==    by 0x48B761E: ??? (in /usr/lib/x86_64-linux-gnu/libtinfo.so.6.4)
==223342==    by 0x48BC278: _nc_tiparm (in /usr/lib/x86_64-linux-gnu/libtinfo.so.6.4)
==223342==    by 0x4889DF8: newterm_sp (in /usr/lib/x86_64-linux-gnu/libncurses.so.6.4)
==223342==    by 0x488A4D4: newterm (in /usr/lib/x86_64-linux-gnu/libncurses.so.6.4)
==223342==    by 0x488A567: initscr (in /usr/lib/x86_64-linux-gnu/libncurses.so.6.4)
==223342==    by 0x320E1A: curses_init_nhwindows (cursmain.c:160)
==223342==    by 0x31565D: main (unixmain.c:216)
==223342== 
==223342== 168 bytes in 1 blocks are still reachable in loss record 67 of 122
==223342==    at 0x484D953: calloc (in /usr/libexec/valgrind/vgpreload_memcheck-amd64-linux.so)
==223342==    by 0x48B761E: ??? (in /usr/lib/x86_64-linux-gnu/libtinfo.so.6.4)
==223342==    by 0x48BC278: _nc_tiparm (in /usr/lib/x86_64-linux-gnu/libtinfo.so.6.4)
==223342==    by 0x4889E46: newterm_sp (in /usr/lib/x86_64-linux-gnu/libncurses.so.6.4)
==223342==    by 0x488A4D4: newterm (in /usr/lib/x86_64-linux-gnu/libncurses.so.6.4)
==223342==    by 0x488A567: initscr (in /usr/lib/x86_64-linux-gnu/libncurses.so.6.4)
==223342==    by 0x320E1A: curses_init_nhwindows (cursmain.c:160)
==223342==    by 0x31565D: main (unixmain.c:216)
==223342== 
==223342== 168 bytes in 1 blocks are still reachable in loss record 68 of 122
==223342==    at 0x484D953: calloc (in /usr/libexec/valgrind/vgpreload_memcheck-amd64-linux.so)
==223342==    by 0x48B761E: ??? (in /usr/lib/x86_64-linux-gnu/libtinfo.so.6.4)
==223342==    by 0x48BC278: _nc_tiparm (in /usr/lib/x86_64-linux-gnu/libtinfo.so.6.4)
==223342==    by 0x4889E99: newterm_sp (in /usr/lib/x86_64-linux-gnu/libncurses.so.6.4)
==223342==    by 0x488A4D4: newterm (in /usr/lib/x86_64-linux-gnu/libncurses.so.6.4)
==223342==    by 0x488A567: initscr (in /usr/lib/x86_64-linux-gnu/libncurses.so.6.4)
==223342==    by 0x320E1A: curses_init_nhwindows (cursmain.c:160)
==223342==    by 0x31565D: main (unixmain.c:216)
==223342== 
==223342== 168 bytes in 1 blocks are still reachable in loss record 69 of 122
==223342==    at 0x484D953: calloc (in /usr/libexec/valgrind/vgpreload_memcheck-amd64-linux.so)
==223342==    by 0x48B761E: ??? (in /usr/lib/x86_64-linux-gnu/libtinfo.so.6.4)
==223342==    by 0x48BC278: _nc_tiparm (in /usr/lib/x86_64-linux-gnu/libtinfo.so.6.4)
==223342==    by 0x4887813: ??? (in /usr/lib/x86_64-linux-gnu/libncurses.so.6.4)
==223342==    by 0x488A016: newterm_sp (in /usr/lib/x86_64-linux-gnu/libncurses.so.6.4)
==223342==    by 0x488A4D4: newterm (in /usr/lib/x86_64-linux-gnu/libncurses.so.6.4)
==223342==    by 0x488A567: initscr (in /usr/lib/x86_64-linux-gnu/libncurses.so.6.4)
==223342==    by 0x320E1A: curses_init_nhwindows (cursmain.c:160)
==223342==    by 0x31565D: main (unixmain.c:216)
==223342== 
==223342== 168 bytes in 1 blocks are still reachable in loss record 70 of 122
==223342==    at 0x484D953: calloc (in /usr/libexec/valgrind/vgpreload_memcheck-amd64-linux.so)
==223342==    by 0x48B761E: ??? (in /usr/lib/x86_64-linux-gnu/libtinfo.so.6.4)
==223342==    by 0x48BC278: _nc_tiparm (in /usr/lib/x86_64-linux-gnu/libtinfo.so.6.4)
==223342==    by 0x4885D7F: ??? (in /usr/lib/x86_64-linux-gnu/libncurses.so.6.4)
==223342==    by 0x32C208: curses_init_nhcolors (cursinit.c:368)
==223342==    by 0x320E38: curses_init_nhwindows (cursmain.c:165)
==223342==    by 0x31565D: main (unixmain.c:216)
==223342== 
==223342== 168 bytes in 1 blocks are still reachable in loss record 71 of 122
==223342==    at 0x484D953: calloc (in /usr/libexec/valgrind/vgpreload_memcheck-amd64-linux.so)
==223342==    by 0x48B761E: ??? (in /usr/lib/x86_64-linux-gnu/libtinfo.so.6.4)
==223342==    by 0x48BC278: _nc_tiparm (in /usr/lib/x86_64-linux-gnu/libtinfo.so.6.4)
==223342==    by 0x48826F7: ??? (in /usr/lib/x86_64-linux-gnu/libncurses.so.6.4)
==223342==    by 0x488650D: ??? (in /usr/lib/x86_64-linux-gnu/libncurses.so.6.4)
==223342==    by 0x4892311: vidputs_sp (in /usr/lib/x86_64-linux-gnu/libncurses.so.6.4)
==223342==    by 0x4898161: ??? (in /usr/lib/x86_64-linux-gnu/libncurses.so.6.4)
==223342==    by 0x4898B66: ??? (in /usr/lib/x86_64-linux-gnu/libncurses.so.6.4)
==223342==    by 0x4899849: ??? (in /usr/lib/x86_64-linux-gnu/libncurses.so.6.4)
==223342==    by 0x489A075: doupdate_sp (in /usr/lib/x86_64-linux-gnu/libncurses.so.6.4)
==223342==    by 0x488A939: wrefresh (in /usr/lib/x86_64-linux-gnu/libncurses.so.6.4)
==223342==    by 0x32D57B: curses_display_splash_window (cursinit.c:879)
==223342==    by 0x320EEE: curses_init_nhwindows (cursmain.c:230)
==223342==    by 0x31565D: main (unixmain.c:216)
==223342== 
==223342== 168 bytes in 1 blocks are still reachable in loss record 72 of 122
==223342==    at 0x484D953: calloc (in /usr/libexec/valgrind/vgpreload_memcheck-amd64-linux.so)
==223342==    by 0x48B761E: ??? (in /usr/lib/x86_64-linux-gnu/libtinfo.so.6.4)
==223342==    by 0x48BC278: _nc_tiparm (in /usr/lib/x86_64-linux-gnu/libtinfo.so.6.4)
==223342==    by 0x4892438: vidputs_sp (in /usr/lib/x86_64-linux-gnu/libncurses.so.6.4)
==223342==    by 0x4898161: ??? (in /usr/lib/x86_64-linux-gnu/libncurses.so.6.4)
==223342==    by 0x4898B66: ??? (in /usr/lib/x86_64-linux-gnu/libncurses.so.6.4)
==223342==    by 0x4899849: ??? (in /usr/lib/x86_64-linux-gnu/libncurses.so.6.4)
==223342==    by 0x489A075: doupdate_sp (in /usr/lib/x86_64-linux-gnu/libncurses.so.6.4)
==223342==    by 0x32128E: curses_display_nhwindow (cursmain.c:383)
==223342==    by 0x2FF70B: genl_status_init (windows.c:901)
==223342==    by 0x32ACF6: curses_status_init (cursstat.c:69)
==223342==    by 0x16BBA1: status_initialize (botl.c:1075)
==223342==    by 0x14EC64: display_gamewindows (allmain.c:575)
==223342==    by 0x3156B6: main (unixmain.c:272)
==223342== 
==223342== 168 bytes in 1 blocks are still reachable in loss record 73 of 122
==223342==    at 0x484D953: calloc (in /usr/libexec/valgrind/vgpreload_memcheck-amd64-linux.so)
==223342==    by 0x48B761E: ??? (in /usr/lib/x86_64-linux-gnu/libtinfo.so.6.4)
==223342==    by 0x48BC278: _nc_tiparm (in /usr/lib/x86_64-linux-gnu/libtinfo.so.6.4)
==223342==    by 0x489447E: ??? (in /usr/lib/x86_64-linux-gnu/libncurses.so.6.4)
==223342==    by 0x48957A9: ??? (in /usr/lib/x86_64-linux-gnu/libncurses.so.6.4)
==223342==    by 0x489A98A: doupdate_sp (in /usr/lib/x86_64-linux-gnu/libncurses.so.6.4)
==223342==    by 0x321C39: curses_refresh_nhwin (curswins.c:297)
==223342==    by 0x32171D: curses_update_inventory (cursmain.c:618)
==223342==    by 0x1EAB01: update_inventory (invent.c:2492)
==223342==    by 0x1EC092: addinv (invent.c:1018)
==223342==    by 0x2E38F8: ini_inv (u_init.c:1120)
==223342==    by 0x2E3B8D: u_init (u_init.c:682)
==223342==    by 0x14EF4A: newgame (allmain.c:637)
==223342==    by 0x315A35: main (unixmain.c:350)
==223342== 
==223342== 168 bytes in 1 blocks are possibly lost in loss record 74 of 122
==223342==    at 0x484D953: calloc (in /usr/libexec/valgrind/vgpreload_memcheck-amd64-linux.so)
==223342==    by 0x48B761E: ??? (in /usr/lib/x86_64-linux-gnu/libtinfo.so.6.4)
==223342==    by 0x48BC278: _nc_tiparm (in /usr/lib/x86_64-linux-gnu/libtinfo.so.6.4)
==223342==    by 0x4889B53: newterm_sp (in /usr/lib/x86_64-linux-gnu/libncurses.so.6.4)
==223342==    by 0x488A4D4: newterm (in /usr/lib/x86_64-linux-gnu/libncurses.so.6.4)
==223342==    by 0x488A567: initscr (in /usr/lib/x86_64-linux-gnu/libncurses.so.6.4)
==223342==    by 0x320E1A: curses_init_nhwindows (cursmain.c:160)
==223342==    by 0x31565D: main (unixmain.c:216)
==223342== 
==223342== 168 bytes in 1 blocks are possibly lost in loss record 75 of 122
==223342==    at 0x484D953: calloc (in /usr/libexec/valgrind/vgpreload_memcheck-amd64-linux.so)
==223342==    by 0x48B761E: ??? (in /usr/lib/x86_64-linux-gnu/libtinfo.so.6.4)
==223342==    by 0x48BC278: _nc_tiparm (in /usr/lib/x86_64-linux-gnu/libtinfo.so.6.4)
==223342==    by 0x4889B8B: newterm_sp (in /usr/lib/x86_64-linux-gnu/libncurses.so.6.4)
==223342==    by 0x488A4D4: newterm (in /usr/lib/x86_64-linux-gnu/libncurses.so.6.4)
==223342==    by 0x488A567: initscr (in /usr/lib/x86_64-linux-gnu/libncurses.so.6.4)
==223342==    by 0x320E1A: curses_init_nhwindows (cursmain.c:160)
==223342==    by 0x31565D: main (unixmain.c:216)
==223342== 
==223342== 168 bytes in 1 blocks are possibly lost in loss record 76 of 122
==223342==    at 0x484D953: calloc (in /usr/libexec/valgrind/vgpreload_memcheck-amd64-linux.so)
==223342==    by 0x48B761E: ??? (in /usr/lib/x86_64-linux-gnu/libtinfo.so.6.4)
==223342==    by 0x48BC278: _nc_tiparm (in /usr/lib/x86_64-linux-gnu/libtinfo.so.6.4)
==223342==    by 0x4889BC3: newterm_sp (in /usr/lib/x86_64-linux-gnu/libncurses.so.6.4)
==223342==    by 0x488A4D4: newterm (in /usr/lib/x86_64-linux-gnu/libncurses.so.6.4)
==223342==    by 0x488A567: initscr (in /usr/lib/x86_64-linux-gnu/libncurses.so.6.4)
==223342==    by 0x320E1A: curses_init_nhwindows (cursmain.c:160)
==223342==    by 0x31565D: main (unixmain.c:216)
==223342== 
==223342== 232 bytes in 1 blocks are still reachable in loss record 77 of 122
==223342==    at 0x4846828: malloc (in /usr/libexec/valgrind/vgpreload_memcheck-amd64-linux.so)
==223342==    by 0x489A2BC: doupdate_sp (in /usr/lib/x86_64-linux-gnu/libncurses.so.6.4)
==223342==    by 0x488A939: wrefresh (in /usr/lib/x86_64-linux-gnu/libncurses.so.6.4)
==223342==    by 0x321A38: curses_refresh_nethack_windows (curswins.c:175)
==223342==    by 0x32BF14: curses_create_main_windows (cursinit.c:287)
==223342==    by 0x320EE4: curses_init_nhwindows (cursmain.c:228)
==223342==    by 0x31565D: main (unixmain.c:216)
==223342== 
==223342== 368 bytes in 1 blocks are still reachable in loss record 78 of 122
==223342==    at 0x484D953: calloc (in /usr/libexec/valgrind/vgpreload_memcheck-amd64-linux.so)
==223342==    by 0x4882935: ??? (in /usr/lib/x86_64-linux-gnu/libncurses.so.6.4)
==223342==    by 0x4887AD7: newwin_sp (in /usr/lib/x86_64-linux-gnu/libncurses.so.6.4)
==223342==    by 0x321AE9: curses_add_nhwin (curswins.c:236)
==223342==    by 0x32BF03: curses_create_main_windows (cursinit.c:282)
==223342==    by 0x320EE4: curses_init_nhwindows (cursmain.c:228)
==223342==    by 0x31565D: main (unixmain.c:216)
==223342== 
==223342== 368 bytes in 1 blocks are still reachable in loss record 79 of 122
==223342==    at 0x484D953: calloc (in /usr/libexec/valgrind/vgpreload_memcheck-amd64-linux.so)
==223342==    by 0x4882935: ??? (in /usr/lib/x86_64-linux-gnu/libncurses.so.6.4)
==223342==    by 0x4887AD7: newwin_sp (in /usr/lib/x86_64-linux-gnu/libncurses.so.6.4)
==223342==    by 0x321AE9: curses_add_nhwin (curswins.c:236)
==223342==    by 0x32BF03: curses_create_main_windows (cursinit.c:282)
==223342==    by 0x321655: curs_reset_windows (cursmain.c:980)
==223342==    by 0x321740: curses_update_inventory (cursmain.c:604)
==223342==    by 0x1EAB01: update_inventory (invent.c:2492)
==223342==    by 0x1CC6AD: done_object_cleanup (end.c:1055)
==223342==    by 0x1CC6AD: really_done (end.c:1235)
==223342==    by 0x1CE5E7: done (end.c:1201)
==223342==    by 0x1CE675: done2 (end.c:381)
==223342==    by 0x16F97E: doextcmd (cmd.c:387)
==223342==    by 0x17DBD8: rhack (cmd.c:5145)
==223342==    by 0x14E7EC: moveloop (allmain.c:463)
==223342==    by 0x315A48: main (unixmain.c:355)
==223342== 
==223342== 464 bytes in 1 blocks are still reachable in loss record 80 of 122
==223342==    at 0x484D953: calloc (in /usr/libexec/valgrind/vgpreload_memcheck-amd64-linux.so)
==223342==    by 0x489AB2A: doupdate_sp (in /usr/lib/x86_64-linux-gnu/libncurses.so.6.4)
==223342==    by 0x488A939: wrefresh (in /usr/lib/x86_64-linux-gnu/libncurses.so.6.4)
==223342==    by 0x321A38: curses_refresh_nethack_windows (curswins.c:175)
==223342==    by 0x32BF14: curses_create_main_windows (cursinit.c:287)
==223342==    by 0x320EE4: curses_init_nhwindows (cursmain.c:228)
==223342==    by 0x31565D: main (unixmain.c:216)
==223342== 
==223342== 464 bytes in 1 blocks are still reachable in loss record 81 of 122
==223342==    at 0x484D953: calloc (in /usr/libexec/valgrind/vgpreload_memcheck-amd64-linux.so)
==223342==    by 0x489A81E: doupdate_sp (in /usr/lib/x86_64-linux-gnu/libncurses.so.6.4)
==223342==    by 0x488A939: wrefresh (in /usr/lib/x86_64-linux-gnu/libncurses.so.6.4)
==223342==    by 0x321A38: curses_refresh_nethack_windows (curswins.c:175)
==223342==    by 0x32BF14: curses_create_main_windows (cursinit.c:287)
==223342==    by 0x320EE4: curses_init_nhwindows (cursmain.c:228)
==223342==    by 0x31565D: main (unixmain.c:216)
==223342== 
==223342== 480 bytes in 1 blocks are still reachable in loss record 82 of 122
==223342==    at 0x484D953: calloc (in /usr/libexec/valgrind/vgpreload_memcheck-amd64-linux.so)
==223342==    by 0x4882935: ??? (in /usr/lib/x86_64-linux-gnu/libncurses.so.6.4)
==223342==    by 0x4887AD7: newwin_sp (in /usr/lib/x86_64-linux-gnu/libncurses.so.6.4)
==223342==    by 0x321AE9: curses_add_nhwin (curswins.c:236)
==223342==    by 0x32BECC: curses_create_main_windows (cursinit.c:275)
==223342==    by 0x320EE4: curses_init_nhwindows (cursmain.c:228)
==223342==    by 0x31565D: main (unixmain.c:216)
==223342== 
==223342== 480 bytes in 1 blocks are still reachable in loss record 83 of 122
==223342==    at 0x484D953: calloc (in /usr/libexec/valgrind/vgpreload_memcheck-amd64-linux.so)
==223342==    by 0x4882935: ??? (in /usr/lib/x86_64-linux-gnu/libncurses.so.6.4)
==223342==    by 0x4887AD7: newwin_sp (in /usr/lib/x86_64-linux-gnu/libncurses.so.6.4)
==223342==    by 0x321AE9: curses_add_nhwin (curswins.c:236)
==223342==    by 0x32BECC: curses_create_main_windows (cursinit.c:275)
==223342==    by 0x321655: curs_reset_windows (cursmain.c:980)
==223342==    by 0x321740: curses_update_inventory (cursmain.c:604)
==223342==    by 0x1EAB01: update_inventory (invent.c:2492)
==223342==    by 0x1CC6AD: done_object_cleanup (end.c:1055)
==223342==    by 0x1CC6AD: really_done (end.c:1235)
==223342==    by 0x1CE5E7: done (end.c:1201)
==223342==    by 0x1CE675: done2 (end.c:381)
==223342==    by 0x16F97E: doextcmd (cmd.c:387)
==223342==    by 0x17DBD8: rhack (cmd.c:5145)
==223342==    by 0x14E7EC: moveloop (allmain.c:463)
==223342==    by 0x315A48: main (unixmain.c:355)
==223342== 
==223342== 504 bytes in 21 blocks are still reachable in loss record 84 of 122
==223342==    at 0x484D953: calloc (in /usr/libexec/valgrind/vgpreload_memcheck-amd64-linux.so)
==223342==    by 0x48B29F9: _nc_add_to_try (in /usr/lib/x86_64-linux-gnu/libtinfo.so.6.4)
==223342==    by 0x48BE6D7: _nc_keypad (in /usr/lib/x86_64-linux-gnu/libtinfo.so.6.4)
==223342==    by 0x320E79: curses_init_nhwindows (cursmain.c:184)
==223342==    by 0x31565D: main (unixmain.c:216)
==223342== 
==223342== 512 bytes in 1 blocks are still reachable in loss record 85 of 122
==223342==    at 0x484D953: calloc (in /usr/libexec/valgrind/vgpreload_memcheck-amd64-linux.so)
==223342==    by 0x488924C: newterm_sp (in /usr/lib/x86_64-linux-gnu/libncurses.so.6.4)
==223342==    by 0x488A4D4: newterm (in /usr/lib/x86_64-linux-gnu/libncurses.so.6.4)
==223342==    by 0x488A567: initscr (in /usr/lib/x86_64-linux-gnu/libncurses.so.6.4)
==223342==    by 0x320E1A: curses_init_nhwindows (cursmain.c:160)
==223342==    by 0x31565D: main (unixmain.c:216)
==223342== 
==223342== 712 bytes in 1 blocks are still reachable in loss record 86 of 122
==223342==    at 0x484D953: calloc (in /usr/libexec/valgrind/vgpreload_memcheck-amd64-linux.so)
==223342==    by 0x48C2783: _nc_read_termtype (in /usr/lib/x86_64-linux-gnu/libtinfo.so.6.4)
==223342==    by 0x48C35C1: _nc_read_file_entry (in /usr/lib/x86_64-linux-gnu/libtinfo.so.6.4)
==223342==    by 0x48C394C: ??? (in /usr/lib/x86_64-linux-gnu/libtinfo.so.6.4)
==223342==    by 0x48C3AB0: _nc_read_entry2 (in /usr/lib/x86_64-linux-gnu/libtinfo.so.6.4)
==223342==    by 0x48BF135: ??? (in /usr/lib/x86_64-linux-gnu/libtinfo.so.6.4)
==223342==    by 0x48BF2C5: _nc_setupterm (in /usr/lib/x86_64-linux-gnu/libtinfo.so.6.4)
==223342==    by 0x48891F7: newterm_sp (in /usr/lib/x86_64-linux-gnu/libncurses.so.6.4)
==223342==    by 0x488A4D4: newterm (in /usr/lib/x86_64-linux-gnu/libncurses.so.6.4)
==223342==    by 0x488A567: initscr (in /usr/lib/x86_64-linux-gnu/libncurses.so.6.4)
==223342==    by 0x320E1A: curses_init_nhwindows (cursmain.c:160)
==223342==    by 0x31565D: main (unixmain.c:216)
==223342== 
==223342== 712 bytes in 1 blocks are still reachable in loss record 87 of 122
==223342==    at 0x4846828: malloc (in /usr/libexec/valgrind/vgpreload_memcheck-amd64-linux.so)
==223342==    by 0x48B327D: ??? (in /usr/lib/x86_64-linux-gnu/libtinfo.so.6.4)
==223342==    by 0x48BF2F7: _nc_setupterm (in /usr/lib/x86_64-linux-gnu/libtinfo.so.6.4)
==223342==    by 0x48891F7: newterm_sp (in /usr/lib/x86_64-linux-gnu/libncurses.so.6.4)
==223342==    by 0x488A4D4: newterm (in /usr/lib/x86_64-linux-gnu/libncurses.so.6.4)
==223342==    by 0x488A567: initscr (in /usr/lib/x86_64-linux-gnu/libncurses.so.6.4)
==223342==    by 0x320E1A: curses_init_nhwindows (cursmain.c:160)
==223342==    by 0x31565D: main (unixmain.c:216)
==223342== 
==223342== 760 bytes in 1 blocks are still reachable in loss record 88 of 122
==223342==    at 0x484D953: calloc (in /usr/libexec/valgrind/vgpreload_memcheck-amd64-linux.so)
==223342==    by 0x48BF26F: _nc_setupterm (in /usr/lib/x86_64-linux-gnu/libtinfo.so.6.4)
==223342==    by 0x48891F7: newterm_sp (in /usr/lib/x86_64-linux-gnu/libncurses.so.6.4)
==223342==    by 0x488A4D4: newterm (in /usr/lib/x86_64-linux-gnu/libncurses.so.6.4)
==223342==    by 0x488A567: initscr (in /usr/lib/x86_64-linux-gnu/libncurses.so.6.4)
==223342==    by 0x320E1A: curses_init_nhwindows (cursmain.c:160)
==223342==    by 0x31565D: main (unixmain.c:216)
==223342== 
==223342== 928 bytes in 1 blocks are still reachable in loss record 89 of 122
==223342==    at 0x484D953: calloc (in /usr/libexec/valgrind/vgpreload_memcheck-amd64-linux.so)
==223342==    by 0x4882935: ??? (in /usr/lib/x86_64-linux-gnu/libncurses.so.6.4)
==223342==    by 0x4887AD7: newwin_sp (in /usr/lib/x86_64-linux-gnu/libncurses.so.6.4)
==223342==    by 0x4889634: newterm_sp (in /usr/lib/x86_64-linux-gnu/libncurses.so.6.4)
==223342==    by 0x488A4D4: newterm (in /usr/lib/x86_64-linux-gnu/libncurses.so.6.4)
==223342==    by 0x488A567: initscr (in /usr/lib/x86_64-linux-gnu/libncurses.so.6.4)
==223342==    by 0x320E1A: curses_init_nhwindows (cursmain.c:160)
==223342==    by 0x31565D: main (unixmain.c:216)
==223342== 
==223342== 928 bytes in 1 blocks are still reachable in loss record 90 of 122
==223342==    at 0x484D953: calloc (in /usr/libexec/valgrind/vgpreload_memcheck-amd64-linux.so)
==223342==    by 0x4882935: ??? (in /usr/lib/x86_64-linux-gnu/libncurses.so.6.4)
==223342==    by 0x4887AD7: newwin_sp (in /usr/lib/x86_64-linux-gnu/libncurses.so.6.4)
==223342==    by 0x488965D: newterm_sp (in /usr/lib/x86_64-linux-gnu/libncurses.so.6.4)
==223342==    by 0x488A4D4: newterm (in /usr/lib/x86_64-linux-gnu/libncurses.so.6.4)
==223342==    by 0x488A567: initscr (in /usr/lib/x86_64-linux-gnu/libncurses.so.6.4)
==223342==    by 0x320E1A: curses_init_nhwindows (cursmain.c:160)
==223342==    by 0x31565D: main (unixmain.c:216)
==223342== 
==223342== 928 bytes in 1 blocks are still reachable in loss record 91 of 122
==223342==    at 0x484D953: calloc (in /usr/libexec/valgrind/vgpreload_memcheck-amd64-linux.so)
==223342==    by 0x4882935: ??? (in /usr/lib/x86_64-linux-gnu/libncurses.so.6.4)
==223342==    by 0x4887AD7: newwin_sp (in /usr/lib/x86_64-linux-gnu/libncurses.so.6.4)
==223342==    by 0x488980E: newterm_sp (in /usr/lib/x86_64-linux-gnu/libncurses.so.6.4)
==223342==    by 0x488A4D4: newterm (in /usr/lib/x86_64-linux-gnu/libncurses.so.6.4)
==223342==    by 0x488A567: initscr (in /usr/lib/x86_64-linux-gnu/libncurses.so.6.4)
==223342==    by 0x320E1A: curses_init_nhwindows (cursmain.c:160)
==223342==    by 0x31565D: main (unixmain.c:216)
==223342== 
==223342== 928 bytes in 1 blocks are still reachable in loss record 92 of 122
==223342==    at 0x484D953: calloc (in /usr/libexec/valgrind/vgpreload_memcheck-amd64-linux.so)
==223342==    by 0x4882935: ??? (in /usr/lib/x86_64-linux-gnu/libncurses.so.6.4)
==223342==    by 0x4887AD7: newwin_sp (in /usr/lib/x86_64-linux-gnu/libncurses.so.6.4)
==223342==    by 0x321AE9: curses_add_nhwin (curswins.c:236)
==223342==    by 0x32C02C: curses_create_main_windows (cursinit.c:279)
==223342==    by 0x320EE4: curses_init_nhwindows (cursmain.c:228)
==223342==    by 0x31565D: main (unixmain.c:216)
==223342== 
==223342== 1,107 bytes in 1 blocks are still reachable in loss record 93 of 122
==223342==    at 0x4846828: malloc (in /usr/libexec/valgrind/vgpreload_memcheck-amd64-linux.so)
==223342==    by 0x48C266A: _nc_read_termtype (in /usr/lib/x86_64-linux-gnu/libtinfo.so.6.4)
==223342==    by 0x48C35C1: _nc_read_file_entry (in /usr/lib/x86_64-linux-gnu/libtinfo.so.6.4)
==223342==    by 0x48C394C: ??? (in /usr/lib/x86_64-linux-gnu/libtinfo.so.6.4)
==223342==    by 0x48C3AB0: _nc_read_entry2 (in /usr/lib/x86_64-linux-gnu/libtinfo.so.6.4)
==223342==    by 0x48BF135: ??? (in /usr/lib/x86_64-linux-gnu/libtinfo.so.6.4)
==223342==    by 0x48BF2C5: _nc_setupterm (in /usr/lib/x86_64-linux-gnu/libtinfo.so.6.4)
==223342==    by 0x48891F7: newterm_sp (in /usr/lib/x86_64-linux-gnu/libncurses.so.6.4)
==223342==    by 0x488A4D4: newterm (in /usr/lib/x86_64-linux-gnu/libncurses.so.6.4)
==223342==    by 0x488A567: initscr (in /usr/lib/x86_64-linux-gnu/libncurses.so.6.4)
==223342==    by 0x320E1A: curses_init_nhwindows (cursmain.c:160)
==223342==    by 0x31565D: main (unixmain.c:216)
==223342== 
==223342== 1,108 bytes in 1 blocks are still reachable in loss record 94 of 122
==223342==    at 0x484D953: calloc (in /usr/libexec/valgrind/vgpreload_memcheck-amd64-linux.so)
==223342==    by 0x48B3418: ??? (in /usr/lib/x86_64-linux-gnu/libtinfo.so.6.4)
==223342==    by 0x48BF2F7: _nc_setupterm (in /usr/lib/x86_64-linux-gnu/libtinfo.so.6.4)
==223342==    by 0x48891F7: newterm_sp (in /usr/lib/x86_64-linux-gnu/libncurses.so.6.4)
==223342==    by 0x488A4D4: newterm (in /usr/lib/x86_64-linux-gnu/libncurses.so.6.4)
==223342==    by 0x488A567: initscr (in /usr/lib/x86_64-linux-gnu/libncurses.so.6.4)
==223342==    by 0x320E1A: curses_init_nhwindows (cursmain.c:160)
==223342==    by 0x31565D: main (unixmain.c:216)
==223342== 
==223342== 1,120 bytes in 35 blocks are still reachable in loss record 95 of 122
==223342==    at 0x4846828: malloc (in /usr/libexec/valgrind/vgpreload_memcheck-amd64-linux.so)
==223342==    by 0x14F23A: alloc (alloc.c:46)
==223342==    by 0x25F53C: add_voice_force (options.c:7228)
==223342==    by 0x1D932C: parse_config_line (files.c:2764)
==223342==    by 0x1DA559: parse_conf_file (files.c:3219)
==223342==    by 0x1DA6CE: read_config_file (files.c:2943)
==223342==    by 0x2644E6: initoptions_finish (options.c:919)
==223342==    by 0x2645EB: initoptions (options.c:730)
==223342==    by 0x315252: main (unixmain.c:190)
==223342== 
==223342== 1,289 bytes in 35 blocks are still reachable in loss record 96 of 122
==223342==    at 0x4846828: malloc (in /usr/libexec/valgrind/vgpreload_memcheck-amd64-linux.so)
==223342==    by 0x14F23A: alloc (alloc.c:46)
==223342==    by 0x25F572: add_voice_force (options.c:7237)
==223342==    by 0x1D932C: parse_config_line (files.c:2764)
==223342==    by 0x1DA559: parse_conf_file (files.c:3219)
==223342==    by 0x1DA6CE: read_config_file (files.c:2943)
==223342==    by 0x2644E6: initoptions_finish (options.c:919)
==223342==    by 0x2645EB: initoptions (options.c:730)
==223342==    by 0x315252: main (unixmain.c:190)
==223342== 
==223342== 1,512 bytes in 63 blocks are still reachable in loss record 97 of 122
==223342==    at 0x484D953: calloc (in /usr/libexec/valgrind/vgpreload_memcheck-amd64-linux.so)
==223342==    by 0x48B2A76: _nc_add_to_try (in /usr/lib/x86_64-linux-gnu/libtinfo.so.6.4)
==223342==    by 0x48BE6D7: _nc_keypad (in /usr/lib/x86_64-linux-gnu/libtinfo.so.6.4)
==223342==    by 0x320E79: curses_init_nhwindows (cursmain.c:184)
==223342==    by 0x31565D: main (unixmain.c:216)
==223342== 
==223342== 1,632 bytes in 1 blocks are still reachable in loss record 98 of 122
==223342==    at 0x484D953: calloc (in /usr/libexec/valgrind/vgpreload_memcheck-amd64-linux.so)
==223342==    by 0x48B6036: new_prescr (in /usr/lib/x86_64-linux-gnu/libtinfo.so.6.4)
==223342==    by 0x488A4C3: newterm (in /usr/lib/x86_64-linux-gnu/libncurses.so.6.4)
==223342==    by 0x488A567: initscr (in /usr/lib/x86_64-linux-gnu/libncurses.so.6.4)
==223342==    by 0x320E1A: curses_init_nhwindows (cursmain.c:160)
==223342==    by 0x31565D: main (unixmain.c:216)
==223342== 
==223342== 1,640 bytes in 5 blocks are still reachable in loss record 99 of 122
==223342==    at 0x484D953: calloc (in /usr/libexec/valgrind/vgpreload_memcheck-amd64-linux.so)
==223342==    by 0x4887B14: newwin_sp (in /usr/lib/x86_64-linux-gnu/libncurses.so.6.4)
==223342==    by 0x321AE9: curses_add_nhwin (curswins.c:236)
==223342==    by 0x32BEA9: curses_create_main_windows (cursinit.c:272)
==223342==    by 0x320EE4: curses_init_nhwindows (cursmain.c:228)
==223342==    by 0x31565D: main (unixmain.c:216)
==223342== 
==223342== 1,664 bytes in 1 blocks are still reachable in loss record 100 of 122
==223342==    at 0x4846828: malloc (in /usr/libexec/valgrind/vgpreload_memcheck-amd64-linux.so)
==223342==    by 0x48C1CFD: _nc_read_termtype (in /usr/lib/x86_64-linux-gnu/libtinfo.so.6.4)
==223342==    by 0x48C35C1: _nc_read_file_entry (in /usr/lib/x86_64-linux-gnu/libtinfo.so.6.4)
==223342==    by 0x48C394C: ??? (in /usr/lib/x86_64-linux-gnu/libtinfo.so.6.4)
==223342==    by 0x48C3AB0: _nc_read_entry2 (in /usr/lib/x86_64-linux-gnu/libtinfo.so.6.4)
==223342==    by 0x48BF135: ??? (in /usr/lib/x86_64-linux-gnu/libtinfo.so.6.4)
==223342==    by 0x48BF2C5: _nc_setupterm (in /usr/lib/x86_64-linux-gnu/libtinfo.so.6.4)
==223342==    by 0x48891F7: newterm_sp (in /usr/lib/x86_64-linux-gnu/libncurses.so.6.4)
==223342==    by 0x488A4D4: newterm (in /usr/lib/x86_64-linux-gnu/libncurses.so.6.4)
==223342==    by 0x488A567: initscr (in /usr/lib/x86_64-linux-gnu/libncurses.so.6.4)
==223342==    by 0x320E1A: curses_init_nhwindows (cursmain.c:160)
==223342==    by 0x31565D: main (unixmain.c:216)
==223342== 
==223342== 1,680 bytes in 70 blocks are still reachable in loss record 101 of 122
==223342==    at 0x484D953: calloc (in /usr/libexec/valgrind/vgpreload_memcheck-amd64-linux.so)
==223342==    by 0x48B29F9: _nc_add_to_try (in /usr/lib/x86_64-linux-gnu/libtinfo.so.6.4)
==223342==    by 0x48BE5DA: _nc_keypad (in /usr/lib/x86_64-linux-gnu/libtinfo.so.6.4)
==223342==    by 0x320E79: curses_init_nhwindows (cursmain.c:184)
==223342==    by 0x31565D: main (unixmain.c:216)
==223342== 
==223342== 2,048 bytes in 1 blocks are still reachable in loss record 102 of 122
==223342==    at 0x484DB80: realloc (in /usr/libexec/valgrind/vgpreload_memcheck-amd64-linux.so)
==223342==    by 0x48B39DC: _nc_doalloc (in /usr/lib/x86_64-linux-gnu/libtinfo.so.6.4)
==223342==    by 0x4882793: ??? (in /usr/lib/x86_64-linux-gnu/libncurses.so.6.4)
==223342==    by 0x4885909: init_pair_sp (in /usr/lib/x86_64-linux-gnu/libncurses.so.6.4)
==223342==    by 0x32C4DF: curses_init_nhcolors (cursinit.c:344)
==223342==    by 0x320E38: curses_init_nhwindows (cursmain.c:165)
==223342==    by 0x31565D: main (unixmain.c:216)
==223342== 
==223342== 2,208 bytes in 92 blocks are still reachable in loss record 103 of 122
==223342==    at 0x484D953: calloc (in /usr/libexec/valgrind/vgpreload_memcheck-amd64-linux.so)
==223342==    by 0x48B2A76: _nc_add_to_try (in /usr/lib/x86_64-linux-gnu/libtinfo.so.6.4)
==223342==    by 0x48BE5DA: _nc_keypad (in /usr/lib/x86_64-linux-gnu/libtinfo.so.6.4)
==223342==    by 0x320E79: curses_init_nhwindows (cursmain.c:184)
==223342==    by 0x31565D: main (unixmain.c:216)
==223342== 
==223342== 2,295 bytes in 102 blocks are still reachable in loss record 104 of 122
==223342==    at 0x4846828: malloc (in /usr/libexec/valgrind/vgpreload_memcheck-amd64-linux.so)
==223342==    by 0x14F23A: alloc (alloc.c:46)
==223342==    by 0x14F2D7: dupstr (alloc.c:162)
==223342==    by 0x25F460: add_voice_exception (options.c:7187)
==223342==    by 0x1D92FB: parse_config_line (files.c:2762)
==223342==    by 0x1DA559: parse_conf_file (files.c:3219)
==223342==    by 0x1DA6CE: read_config_file (files.c:2943)
==223342==    by 0x2644E6: initoptions_finish (options.c:919)
==223342==    by 0x2645EB: initoptions (options.c:730)
==223342==    by 0x315252: main (unixmain.c:190)
==223342== 
==223342== 2,337 bytes in 1 blocks are still reachable in loss record 105 of 122
==223342==    at 0x4846828: malloc (in /usr/libexec/valgrind/vgpreload_memcheck-amd64-linux.so)
==223342==    by 0x48B3210: ??? (in /usr/lib/x86_64-linux-gnu/libtinfo.so.6.4)
==223342==    by 0x48BF2F7: _nc_setupterm (in /usr/lib/x86_64-linux-gnu/libtinfo.so.6.4)
==223342==    by 0x48891F7: newterm_sp (in /usr/lib/x86_64-linux-gnu/libncurses.so.6.4)
==223342==    by 0x488A4D4: newterm (in /usr/lib/x86_64-linux-gnu/libncurses.so.6.4)
==223342==    by 0x488A567: initscr (in /usr/lib/x86_64-linux-gnu/libncurses.so.6.4)
==223342==    by 0x320E1A: curses_init_nhwindows (cursmain.c:160)
==223342==    by 0x31565D: main (unixmain.c:216)
==223342== 
==223342== 2,448 bytes in 102 blocks are still reachable in loss record 106 of 122
==223342==    at 0x4846828: malloc (in /usr/libexec/valgrind/vgpreload_memcheck-amd64-linux.so)
==223342==    by 0x14F23A: alloc (alloc.c:46)
==223342==    by 0x25F455: add_voice_exception (options.c:7186)
==223342==    by 0x1D92FB: parse_config_line (files.c:2762)
==223342==    by 0x1DA559: parse_conf_file (files.c:3219)
==223342==    by 0x1DA6CE: read_config_file (files.c:2943)
==223342==    by 0x2644E6: initoptions_finish (options.c:919)
==223342==    by 0x2645EB: initoptions (options.c:730)
==223342==    by 0x315252: main (unixmain.c:190)
==223342== 
==223342== 2,832 bytes in 1 blocks are still reachable in loss record 107 of 122
==223342==    at 0x4846828: malloc (in /usr/libexec/valgrind/vgpreload_memcheck-amd64-linux.so)
==223342==    by 0x489A30E: doupdate_sp (in /usr/lib/x86_64-linux-gnu/libncurses.so.6.4)
==223342==    by 0x488A939: wrefresh (in /usr/lib/x86_64-linux-gnu/libncurses.so.6.4)
==223342==    by 0x321A38: curses_refresh_nethack_windows (curswins.c:175)
==223342==    by 0x32BF14: curses_create_main_windows (cursinit.c:287)
==223342==    by 0x320EE4: curses_init_nhwindows (cursmain.c:228)
==223342==    by 0x31565D: main (unixmain.c:216)
==223342== 
==223342== 2,900 bytes in 5 blocks are still reachable in loss record 108 of 122
==223342==    at 0x484D953: calloc (in /usr/libexec/valgrind/vgpreload_memcheck-amd64-linux.so)
==223342==    by 0x4887B14: newwin_sp (in /usr/lib/x86_64-linux-gnu/libncurses.so.6.4)
==223342==    by 0x321AE9: curses_add_nhwin (curswins.c:236)
==223342==    by 0x32BEA9: curses_create_main_windows (cursinit.c:272)
==223342==    by 0x321655: curs_reset_windows (cursmain.c:980)
==223342==    by 0x321740: curses_update_inventory (cursmain.c:604)
==223342==    by 0x1EAB01: update_inventory (invent.c:2492)
==223342==    by 0x1CC6AD: done_object_cleanup (end.c:1055)
==223342==    by 0x1CC6AD: really_done (end.c:1235)
==223342==    by 0x1CE5E7: done (end.c:1201)
==223342==    by 0x1CE675: done2 (end.c:381)
==223342==    by 0x16F97E: doextcmd (cmd.c:387)
==223342==    by 0x17DBD8: rhack (cmd.c:5145)
==223342==    by 0x14E7EC: moveloop (allmain.c:463)
==223342==    by 0x315A48: main (unixmain.c:355)
==223342== 
==223342== 4,000 bytes in 1 blocks are still reachable in loss record 109 of 122
==223342==    at 0x484DB80: realloc (in /usr/libexec/valgrind/vgpreload_memcheck-amd64-linux.so)
==223342==    by 0x48B39DC: _nc_doalloc (in /usr/lib/x86_64-linux-gnu/libtinfo.so.6.4)
==223342==    by 0x48C24E4: _nc_read_termtype (in /usr/lib/x86_64-linux-gnu/libtinfo.so.6.4)
==223342==    by 0x48C35C1: _nc_read_file_entry (in /usr/lib/x86_64-linux-gnu/libtinfo.so.6.4)
==223342==    by 0x48C394C: ??? (in /usr/lib/x86_64-linux-gnu/libtinfo.so.6.4)
==223342==    by 0x48C3AB0: _nc_read_entry2 (in /usr/lib/x86_64-linux-gnu/libtinfo.so.6.4)
==223342==    by 0x48BF135: ??? (in /usr/lib/x86_64-linux-gnu/libtinfo.so.6.4)
==223342==    by 0x48BF2C5: _nc_setupterm (in /usr/lib/x86_64-linux-gnu/libtinfo.so.6.4)
==223342==    by 0x48891F7: newterm_sp (in /usr/lib/x86_64-linux-gnu/libncurses.so.6.4)
==223342==    by 0x488A4D4: newterm (in /usr/lib/x86_64-linux-gnu/libncurses.so.6.4)
==223342==    by 0x488A567: initscr (in /usr/lib/x86_64-linux-gnu/libncurses.so.6.4)
==223342==    by 0x320E1A: curses_init_nhwindows (cursmain.c:160)
==223342==    by 0x31565D: main (unixmain.c:216)
==223342== 
==223342== 4,000 bytes in 1 blocks are still reachable in loss record 110 of 122
==223342==    at 0x4846828: malloc (in /usr/libexec/valgrind/vgpreload_memcheck-amd64-linux.so)
==223342==    by 0x48B3021: ??? (in /usr/lib/x86_64-linux-gnu/libtinfo.so.6.4)
==223342==    by 0x48BF2F7: _nc_setupterm (in /usr/lib/x86_64-linux-gnu/libtinfo.so.6.4)
==223342==    by 0x48891F7: newterm_sp (in /usr/lib/x86_64-linux-gnu/libncurses.so.6.4)
==223342==    by 0x488A4D4: newterm (in /usr/lib/x86_64-linux-gnu/libncurses.so.6.4)
==223342==    by 0x488A567: initscr (in /usr/lib/x86_64-linux-gnu/libncurses.so.6.4)
==223342==    by 0x320E1A: curses_init_nhwindows (cursmain.c:160)
==223342==    by 0x31565D: main (unixmain.c:216)
==223342== 
==223342== 7,168 bytes in 1 blocks are still reachable in loss record 111 of 122
==223342==    at 0x484D953: calloc (in /usr/libexec/valgrind/vgpreload_memcheck-amd64-linux.so)
==223342==    by 0x48855AD: start_color_sp (in /usr/lib/x86_64-linux-gnu/libncurses.so.6.4)
==223342==    by 0x320E33: curses_init_nhwindows (cursmain.c:164)
==223342==    by 0x31565D: main (unixmain.c:216)
==223342== 
==223342== 7,544 bytes in 23 blocks are still reachable in loss record 112 of 122
==223342==    at 0x484D953: calloc (in /usr/libexec/valgrind/vgpreload_memcheck-amd64-linux.so)
==223342==    by 0x4887B14: newwin_sp (in /usr/lib/x86_64-linux-gnu/libncurses.so.6.4)
==223342==    by 0x321AE9: curses_add_nhwin (curswins.c:236)
==223342==    by 0x32BF03: curses_create_main_windows (cursinit.c:282)
==223342==    by 0x320EE4: curses_init_nhwindows (cursmain.c:228)
==223342==    by 0x31565D: main (unixmain.c:216)
==223342== 
==223342== 7,544 bytes in 23 blocks are still reachable in loss record 113 of 122
==223342==    at 0x484D953: calloc (in /usr/libexec/valgrind/vgpreload_memcheck-amd64-linux.so)
==223342==    by 0x4887B14: newwin_sp (in /usr/lib/x86_64-linux-gnu/libncurses.so.6.4)
==223342==    by 0x321AE9: curses_add_nhwin (curswins.c:236)
==223342==    by 0x32BF03: curses_create_main_windows (cursinit.c:282)
==223342==    by 0x321655: curs_reset_windows (cursmain.c:980)
==223342==    by 0x321740: curses_update_inventory (cursmain.c:604)
==223342==    by 0x1EAB01: update_inventory (invent.c:2492)
==223342==    by 0x1CC6AD: done_object_cleanup (end.c:1055)
==223342==    by 0x1CC6AD: really_done (end.c:1235)
==223342==    by 0x1CE5E7: done (end.c:1201)
==223342==    by 0x1CE675: done2 (end.c:381)
==223342==    by 0x16F97E: doextcmd (cmd.c:387)
==223342==    by 0x17DBD8: rhack (cmd.c:5145)
==223342==    by 0x14E7EC: moveloop (allmain.c:463)
==223342==    by 0x315A48: main (unixmain.c:355)
==223342== 
==223342== 7,952 bytes in 1 blocks are still reachable in loss record 114 of 122
==223342==    at 0x484D953: calloc (in /usr/libexec/valgrind/vgpreload_memcheck-amd64-linux.so)
==223342==    by 0x48B1C77: ??? (in /usr/lib/x86_64-linux-gnu/libtinfo.so.6.4)
==223342==    by 0x48B369D: _nc_find_type_entry (in /usr/lib/x86_64-linux-gnu/libtinfo.so.6.4)
==223342==    by 0x48B65E1: tigetflag_sp (in /usr/lib/x86_64-linux-gnu/libtinfo.so.6.4)
==223342==    by 0x489B045: assume_default_colors_sp (in /usr/lib/x86_64-linux-gnu/libncurses.so.6.4)
==223342==    by 0x32C09F: curses_init_nhcolors (cursinit.c:306)
==223342==    by 0x320E38: curses_init_nhwindows (cursmain.c:165)
==223342==    by 0x31565D: main (unixmain.c:216)
==223342== 
==223342== 8,469 bytes in 1 blocks are still reachable in loss record 115 of 122
==223342==    at 0x4846828: malloc (in /usr/libexec/valgrind/vgpreload_memcheck-amd64-linux.so)
==223342==    by 0x4893797: ??? (in /usr/lib/x86_64-linux-gnu/libncurses.so.6.4)
==223342==    by 0x488D57C: vw_printw (in /usr/lib/x86_64-linux-gnu/libncurses.so.6.4)
==223342==    by 0x488D719: wprintw (in /usr/lib/x86_64-linux-gnu/libncurses.so.6.4)
==223342==    by 0x32F525: curses_add_inv (cursinvt.c:151)
==223342==    by 0x3211E3: curses_add_menu (cursmain.c:536)
==223342==    by 0x1ED7BE: display_pickinv (invent.c:2840)
==223342==    by 0x1EE1F3: display_inventory (invent.c:2992)
==223342==    by 0x32F37D: curses_update_inv (cursinvt.c:48)
==223342==    by 0x321709: curses_update_inventory (cursmain.c:614)
==223342==    by 0x1EAB01: update_inventory (invent.c:2492)
==223342==    by 0x1EC092: addinv (invent.c:1018)
==223342==    by 0x2E38F8: ini_inv (u_init.c:1120)
==223342==    by 0x2E3B8D: u_init (u_init.c:682)
==223342==    by 0x14EF4A: newgame (allmain.c:637)
==223342==    by 0x315A35: main (unixmain.c:350)
==223342== 
==223342== 9,060 bytes in 1 blocks are still reachable in loss record 116 of 122
==223342==    at 0x4846828: malloc (in /usr/libexec/valgrind/vgpreload_memcheck-amd64-linux.so)
==223342==    by 0x488934F: newterm_sp (in /usr/lib/x86_64-linux-gnu/libncurses.so.6.4)
==223342==    by 0x488A4D4: newterm (in /usr/lib/x86_64-linux-gnu/libncurses.so.6.4)
==223342==    by 0x488A567: initscr (in /usr/lib/x86_64-linux-gnu/libncurses.so.6.4)
==223342==    by 0x320E1A: curses_init_nhwindows (cursmain.c:160)
==223342==    by 0x31565D: main (unixmain.c:216)
==223342== 
==223342== 9,840 bytes in 30 blocks are still reachable in loss record 117 of 122
==223342==    at 0x484D953: calloc (in /usr/libexec/valgrind/vgpreload_memcheck-amd64-linux.so)
==223342==    by 0x4887B14: newwin_sp (in /usr/lib/x86_64-linux-gnu/libncurses.so.6.4)
==223342==    by 0x321AE9: curses_add_nhwin (curswins.c:236)
==223342==    by 0x32BECC: curses_create_main_windows (cursinit.c:275)
==223342==    by 0x320EE4: curses_init_nhwindows (cursmain.c:228)
==223342==    by 0x31565D: main (unixmain.c:216)
==223342== 
==223342== 14,616 bytes in 58 blocks are still reachable in loss record 118 of 122
==223342==    at 0x484D953: calloc (in /usr/libexec/valgrind/vgpreload_memcheck-amd64-linux.so)
==223342==    by 0x4887B14: newwin_sp (in /usr/lib/x86_64-linux-gnu/libncurses.so.6.4)
==223342==    by 0x321AE9: curses_add_nhwin (curswins.c:236)
==223342==    by 0x32C02C: curses_create_main_windows (cursinit.c:279)
==223342==    by 0x320EE4: curses_init_nhwindows (cursmain.c:228)
==223342==    by 0x31565D: main (unixmain.c:216)
==223342== 
==223342== 17,400 bytes in 30 blocks are still reachable in loss record 119 of 122
==223342==    at 0x484D953: calloc (in /usr/libexec/valgrind/vgpreload_memcheck-amd64-linux.so)
==223342==    by 0x4887B14: newwin_sp (in /usr/lib/x86_64-linux-gnu/libncurses.so.6.4)
==223342==    by 0x321AE9: curses_add_nhwin (curswins.c:236)
==223342==    by 0x32BECC: curses_create_main_windows (cursinit.c:275)
==223342==    by 0x321655: curs_reset_windows (cursmain.c:980)
==223342==    by 0x321740: curses_update_inventory (cursmain.c:604)
==223342==    by 0x1EAB01: update_inventory (invent.c:2492)
==223342==    by 0x1CC6AD: done_object_cleanup (end.c:1055)
==223342==    by 0x1CC6AD: really_done (end.c:1235)
==223342==    by 0x1CE5E7: done (end.c:1201)
==223342==    by 0x1CE675: done2 (end.c:381)
==223342==    by 0x16F97E: doextcmd (cmd.c:387)
==223342==    by 0x17DBD8: rhack (cmd.c:5145)
==223342==    by 0x14E7EC: moveloop (allmain.c:463)
==223342==    by 0x315A48: main (unixmain.c:355)
==223342== 
==223342== 33,640 bytes in 58 blocks are still reachable in loss record 120 of 122
==223342==    at 0x484D953: calloc (in /usr/libexec/valgrind/vgpreload_memcheck-amd64-linux.so)
==223342==    by 0x4887B14: newwin_sp (in /usr/lib/x86_64-linux-gnu/libncurses.so.6.4)
==223342==    by 0x4889634: newterm_sp (in /usr/lib/x86_64-linux-gnu/libncurses.so.6.4)
==223342==    by 0x488A4D4: newterm (in /usr/lib/x86_64-linux-gnu/libncurses.so.6.4)
==223342==    by 0x488A567: initscr (in /usr/lib/x86_64-linux-gnu/libncurses.so.6.4)
==223342==    by 0x320E1A: curses_init_nhwindows (cursmain.c:160)
==223342==    by 0x31565D: main (unixmain.c:216)
==223342== 
==223342== 33,640 bytes in 58 blocks are still reachable in loss record 121 of 122
==223342==    at 0x484D953: calloc (in /usr/libexec/valgrind/vgpreload_memcheck-amd64-linux.so)
==223342==    by 0x4887B14: newwin_sp (in /usr/lib/x86_64-linux-gnu/libncurses.so.6.4)
==223342==    by 0x488965D: newterm_sp (in /usr/lib/x86_64-linux-gnu/libncurses.so.6.4)
==223342==    by 0x488A4D4: newterm (in /usr/lib/x86_64-linux-gnu/libncurses.so.6.4)
==223342==    by 0x488A567: initscr (in /usr/lib/x86_64-linux-gnu/libncurses.so.6.4)
==223342==    by 0x320E1A: curses_init_nhwindows (cursmain.c:160)
==223342==    by 0x31565D: main (unixmain.c:216)
==223342== 
==223342== 33,640 bytes in 58 blocks are still reachable in loss record 122 of 122
==223342==    at 0x484D953: calloc (in /usr/libexec/valgrind/vgpreload_memcheck-amd64-linux.so)
==223342==    by 0x4887B14: newwin_sp (in /usr/lib/x86_64-linux-gnu/libncurses.so.6.4)
==223342==    by 0x488980E: newterm_sp (in /usr/lib/x86_64-linux-gnu/libncurses.so.6.4)
==223342==    by 0x488A4D4: newterm (in /usr/lib/x86_64-linux-gnu/libncurses.so.6.4)
==223342==    by 0x488A567: initscr (in /usr/lib/x86_64-linux-gnu/libncurses.so.6.4)
==223342==    by 0x320E1A: curses_init_nhwindows (cursmain.c:160)
==223342==    by 0x31565D: main (unixmain.c:216)
==223342== 
==223342== LEAK SUMMARY:
==223342==    definitely lost: 28 bytes in 1 blocks
==223342==    indirectly lost: 0 bytes in 0 blocks
==223342==      possibly lost: 603 bytes in 9 blocks
==223342==    still reachable: 243,199 bytes in 996 blocks
==223342==         suppressed: 0 bytes in 0 blocks
==223342== 
==223342== For lists of detected and suppressed errors, rerun with: -s
==223342== ERROR SUMMARY: 10 errors from 10 contexts (suppressed: 0 from 0)
